<?xml version="1.0" encoding="UTF-8"?>
<robot generator="Robot 7.2 (Python 3.12.8 on darwin)" generated="2025-01-26T22:19:43.631600" rpa="false" schemaversion="5">
<suite id="s1" name="Login" source="/Users/arbaliyahpuspita/Documents/untitled folder 3/Suites/login.robot">
<test id="s1-t1" name="User should be able to login with valid data" line="12">
<kw name="Run Keywords" owner="BuiltIn" type="SETUP">
<kw name="Open Flight Android Application" owner="base">
<kw name="Open Application" owner="AppiumLibrary">
<arg>remote_url=http://127.0.0.1:4723/wd/hub</arg>
<arg>platformName=Android</arg>
<arg>platformVersion=12.0</arg>
<arg>deviceName=emulator-5554</arg>
<arg>appPackage=com.example.myapplication</arg>
<arg>appActivity=com.example.myapplication.MainActivity</arg>
<doc>Opens a new application to given Appium server.
Capabilities of appium server, Android and iOS,
Please check https://appium.io/docs/en/2.1/cli/args/
| *Option*            | *Man.* | *Description*     |
| remote_url          | Yes    | Appium server url |
| alias               | no     | alias             |
| strict_ssl          | No     | allows you to send commands to an invalid certificate host like a self-signed one. |</doc>
<status status="PASS" start="2025-01-26T22:19:43.749569" elapsed="6.191846"/>
</kw>
<status status="PASS" start="2025-01-26T22:19:43.749403" elapsed="6.195843"/>
</kw>
<kw name="Verify Home Screen Appears" owner="homePage">
<kw name="Wait Until Element Is Visible" owner="AppiumLibrary">
<msg time="2025-01-26T22:19:50.650148" level="INFO">xpath criteria: //android.widget.ImageView[@resource-id="com.example.myapplication:id/imageView4"]</msg>
<arg>locator=${app_icon_image}</arg>
<doc>Waits until element specified with `locator` is visible.</doc>
<status status="PASS" start="2025-01-26T22:19:49.954482" elapsed="0.695808"/>
</kw>
<status status="PASS" start="2025-01-26T22:19:49.950776" elapsed="0.699626"/>
</kw>
<arg>Open Flight Android Application</arg>
<arg>AND</arg>
<arg>Verify Home Screen Appears</arg>
<doc>Executes all the given keywords in a sequence.</doc>
<status status="PASS" start="2025-01-26T22:19:43.749200" elapsed="6.901264"/>
</kw>
<kw name="Click Sign In Button On Home Screen" owner="homePage">
<kw name="Click Element" owner="AppiumLibrary">
<msg time="2025-01-26T22:19:50.652488" level="INFO">Clicking element '//android.widget.Button[@resource-id="com.example.myapplication:id/login"]'.</msg>
<msg time="2025-01-26T22:19:50.780427" level="INFO">xpath criteria: //android.widget.Button[@resource-id="com.example.myapplication:id/login"]</msg>
<arg>locator=//android.widget.Button[@resource-id="com.example.myapplication:id/login"]</arg>
<doc>Click element identified by `locator`.</doc>
<status status="PASS" start="2025-01-26T22:19:50.651197" elapsed="0.129316"/>
</kw>
<status status="PASS" start="2025-01-26T22:19:50.650872" elapsed="0.129724"/>
</kw>
<kw name="Input Username" owner="loginPage">
<kw name="Wait Until Element Is Visible" owner="AppiumLibrary">
<msg time="2025-01-26T22:19:51.509291" level="INFO">xpath criteria: //android.widget.EditText[@resource-id="com.example.myapplication:id/username"]
xpath criteria: //android.widget.EditText[@resource-id="com.example.myapplication:id/username"]</msg>
<arg>${username_login_input}</arg>
<doc>Waits until element specified with `locator` is visible.</doc>
<status status="PASS" start="2025-01-26T22:19:50.781181" elapsed="0.728247"/>
</kw>
<kw name="Input Text" owner="AppiumLibrary">
<msg time="2025-01-26T22:19:51.510989" level="INFO">Typing text 'support@ngendigital.com' into text field '//android.widget.EditText[@resource-id="com.example.myapplication:id/username"]'</msg>
<msg time="2025-01-26T22:19:51.592766" level="INFO">xpath criteria: //android.widget.EditText[@resource-id="com.example.myapplication:id/username"]</msg>
<arg>${username_login_input}</arg>
<arg>${username}</arg>
<doc>Types the given `text` into text field identified by `locator`.</doc>
<status status="PASS" start="2025-01-26T22:19:51.509632" elapsed="0.083253"/>
</kw>
<arg>username=support@ngendigital.com</arg>
<status status="PASS" start="2025-01-26T22:19:50.780880" elapsed="0.812110"/>
</kw>
<kw name="Input Password" owner="loginPage">
<kw name="Input Text" owner="AppiumLibrary">
<msg time="2025-01-26T22:19:51.594919" level="INFO">Typing text 'abc123' into text field '//android.widget.EditText[@resource-id="com.example.myapplication:id/password"]'</msg>
<msg time="2025-01-26T22:19:52.143860" level="INFO">xpath criteria: //android.widget.EditText[@resource-id="com.example.myapplication:id/password"]</msg>
<arg>${password_login_input}</arg>
<arg>${password}</arg>
<doc>Types the given `text` into text field identified by `locator`.</doc>
<status status="PASS" start="2025-01-26T22:19:51.593640" elapsed="0.550375"/>
</kw>
<arg>password=abc123</arg>
<status status="PASS" start="2025-01-26T22:19:51.593273" elapsed="0.550863"/>
</kw>
<kw name="Click Sign In button On Login Screen" owner="loginPage">
<kw name="Click Element" owner="AppiumLibrary">
<msg time="2025-01-26T22:19:52.146133" level="INFO">Clicking element '//android.widget.Button[@resource-id="com.example.myapplication:id/signIn"]'.</msg>
<msg time="2025-01-26T22:19:52.727959" level="INFO">xpath criteria: //android.widget.Button[@resource-id="com.example.myapplication:id/signIn"]</msg>
<arg>locator=//android.widget.Button[@resource-id="com.example.myapplication:id/signIn"]</arg>
<doc>Click element identified by `locator`.</doc>
<status status="PASS" start="2025-01-26T22:19:52.144886" elapsed="0.583229"/>
</kw>
<status status="PASS" start="2025-01-26T22:19:52.144528" elapsed="0.583988"/>
</kw>
<kw name="Verify User Successfully Login" owner="loginPage">
<kw name="Wait Until Element Is Visible" owner="AppiumLibrary">
<msg time="2025-01-26T22:19:53.335001" level="INFO">xpath criteria: //android.widget.TextView[@resource-id="com.example.myapplication:id/textView"]
xpath criteria: //android.widget.TextView[@resource-id="com.example.myapplication:id/textView"]</msg>
<arg>locator=//android.widget.TextView[@resource-id="com.example.myapplication:id/textView"]</arg>
<doc>Waits until element specified with `locator` is visible.</doc>
<status status="PASS" start="2025-01-26T22:19:52.729946" elapsed="0.605168"/>
</kw>
<status status="PASS" start="2025-01-26T22:19:52.729556" elapsed="0.605668"/>
</kw>
<kw name="Close Flight Application" owner="base" type="TEARDOWN">
<kw name="Close Application" owner="AppiumLibrary">
<doc>Closes the current application and also close webdriver session.</doc>
<status status="PASS" start="2025-01-26T22:19:53.336009" elapsed="0.474148"/>
</kw>
<status status="PASS" start="2025-01-26T22:19:53.335679" elapsed="0.475327"/>
</kw>
<status status="PASS" start="2025-01-26T22:19:43.748460" elapsed="10.062980"/>
</test>
<test id="s1-t2" name="User should be able to login with unvalid data" line="20">
<kw name="Run Keywords" owner="BuiltIn" type="SETUP">
<kw name="Open Flight Android Application" owner="base">
<kw name="Open Application" owner="AppiumLibrary">
<arg>remote_url=http://127.0.0.1:4723/wd/hub</arg>
<arg>platformName=Android</arg>
<arg>platformVersion=12.0</arg>
<arg>deviceName=emulator-5554</arg>
<arg>appPackage=com.example.myapplication</arg>
<arg>appActivity=com.example.myapplication.MainActivity</arg>
<doc>Opens a new application to given Appium server.
Capabilities of appium server, Android and iOS,
Please check https://appium.io/docs/en/2.1/cli/args/
| *Option*            | *Man.* | *Description*     |
| remote_url          | Yes    | Appium server url |
| alias               | no     | alias             |
| strict_ssl          | No     | allows you to send commands to an invalid certificate host like a self-signed one. |</doc>
<status status="PASS" start="2025-01-26T22:19:53.814612" elapsed="6.353772"/>
</kw>
<status status="PASS" start="2025-01-26T22:19:53.814225" elapsed="6.354916"/>
</kw>
<kw name="Verify Home Screen Appears" owner="homePage">
<kw name="Wait Until Element Is Visible" owner="AppiumLibrary">
<msg time="2025-01-26T22:20:00.831335" level="INFO">xpath criteria: //android.widget.ImageView[@resource-id="com.example.myapplication:id/imageView4"]</msg>
<arg>locator=${app_icon_image}</arg>
<doc>Waits until element specified with `locator` is visible.</doc>
<status status="PASS" start="2025-01-26T22:20:00.170847" elapsed="0.660768"/>
</kw>
<status status="PASS" start="2025-01-26T22:20:00.170042" elapsed="0.661679"/>
</kw>
<arg>Open Flight Android Application</arg>
<arg>AND</arg>
<arg>Verify Home Screen Appears</arg>
<doc>Executes all the given keywords in a sequence.</doc>
<status status="PASS" start="2025-01-26T22:19:53.813595" elapsed="7.018190"/>
</kw>
<kw name="Click Sign In Button On Home Screen" owner="homePage">
<kw name="Click Element" owner="AppiumLibrary">
<msg time="2025-01-26T22:20:00.833742" level="INFO">Clicking element '//android.widget.Button[@resource-id="com.example.myapplication:id/login"]'.</msg>
<msg time="2025-01-26T22:20:00.951947" level="INFO">xpath criteria: //android.widget.Button[@resource-id="com.example.myapplication:id/login"]</msg>
<arg>locator=//android.widget.Button[@resource-id="com.example.myapplication:id/login"]</arg>
<doc>Click element identified by `locator`.</doc>
<status status="PASS" start="2025-01-26T22:20:00.832519" elapsed="0.119545"/>
</kw>
<status status="PASS" start="2025-01-26T22:20:00.832217" elapsed="0.119963"/>
</kw>
<kw name="Input Username" owner="loginPage">
<kw name="Wait Until Element Is Visible" owner="AppiumLibrary">
<msg time="2025-01-26T22:20:01.776183" level="INFO">xpath criteria: //android.widget.EditText[@resource-id="com.example.myapplication:id/username"]
xpath criteria: //android.widget.EditText[@resource-id="com.example.myapplication:id/username"]</msg>
<arg>${username_login_input}</arg>
<doc>Waits until element specified with `locator` is visible.</doc>
<status status="PASS" start="2025-01-26T22:20:00.952847" elapsed="0.823452"/>
</kw>
<kw name="Input Text" owner="AppiumLibrary">
<msg time="2025-01-26T22:20:01.780672" level="INFO">Typing text 'support.com' into text field '//android.widget.EditText[@resource-id="com.example.myapplication:id/username"]'</msg>
<msg time="2025-01-26T22:20:01.889421" level="INFO">xpath criteria: //android.widget.EditText[@resource-id="com.example.myapplication:id/username"]</msg>
<arg>${username_login_input}</arg>
<arg>${username}</arg>
<doc>Types the given `text` into text field identified by `locator`.</doc>
<status status="PASS" start="2025-01-26T22:20:01.776510" elapsed="0.113028"/>
</kw>
<arg>username=support.com</arg>
<status status="PASS" start="2025-01-26T22:20:00.952476" elapsed="0.937186"/>
</kw>
<kw name="Input Password" owner="loginPage">
<kw name="Input Text" owner="AppiumLibrary">
<msg time="2025-01-26T22:20:01.891820" level="INFO">Typing text 'abc123' into text field '//android.widget.EditText[@resource-id="com.example.myapplication:id/password"]'</msg>
<msg time="2025-01-26T22:20:02.463341" level="INFO">xpath criteria: //android.widget.EditText[@resource-id="com.example.myapplication:id/password"]</msg>
<arg>${password_login_input}</arg>
<arg>${password}</arg>
<doc>Types the given `text` into text field identified by `locator`.</doc>
<status status="PASS" start="2025-01-26T22:20:01.890462" elapsed="0.573652"/>
</kw>
<arg>password=abc123</arg>
<status status="PASS" start="2025-01-26T22:20:01.890045" elapsed="0.574628"/>
</kw>
<kw name="Click Sign In button On Login Screen" owner="loginPage">
<kw name="Click Element" owner="AppiumLibrary">
<msg time="2025-01-26T22:20:02.468261" level="INFO">Clicking element '//android.widget.Button[@resource-id="com.example.myapplication:id/signIn"]'.</msg>
<msg time="2025-01-26T22:20:03.018794" level="INFO">xpath criteria: //android.widget.Button[@resource-id="com.example.myapplication:id/signIn"]</msg>
<arg>locator=//android.widget.Button[@resource-id="com.example.myapplication:id/signIn"]</arg>
<doc>Click element identified by `locator`.</doc>
<status status="PASS" start="2025-01-26T22:20:02.466522" elapsed="0.552402"/>
</kw>
<status status="PASS" start="2025-01-26T22:20:02.465749" elapsed="0.553286"/>
</kw>
<kw name="Verify User Successfully Login" owner="loginPage">
<kw name="Wait Until Element Is Visible" owner="AppiumLibrary">
<msg time="2025-01-26T22:20:08.116447" level="INFO">&lt;?xml version='1.0' encoding='UTF-8' standalone='yes' ?&gt;
&lt;hierarchy index="0" class="hierarchy" rotation="0" width="1080" height="2274"&gt;
  &lt;android.widget.FrameLayout index="0" package="com.example.myapplication" class="android.widget.FrameLayout" text="" checkable="false" checked="false" clickable="false" enabled="true" focusable="false" focused="false" long-clickable="false" password="false" scrollable="false" selected="false" bounds="[0,0][1080,2274]" displayed="true"&gt;
    &lt;android.widget.LinearLayout index="0" package="com.example.myapplication" class="android.widget.LinearLayout" text="" checkable="false" checked="false" clickable="false" enabled="true" focusable="false" focused="false" long-clickable="false" password="false" scrollable="false" selected="false" bounds="[0,0][1080,2274]" displayed="true"&gt;
      &lt;android.widget.FrameLayout index="0" package="com.example.myapplication" class="android.widget.FrameLayout" text="" checkable="false" checked="false" clickable="false" enabled="true" focusable="false" focused="false" long-clickable="false" password="false" scrollable="false" selected="false" bounds="[0,63][1080,2274]" displayed="true"&gt;
        &lt;android.widget.LinearLayout index="0" package="com.example.myapplication" class="android.widget.LinearLayout" text="" resource-id="com.example.myapplication:id/action_bar_root" checkable="false" checked="false" clickable="false" enabled="true" focusable="false" focused="false" long-clickable="false" password="false" scrollable="false" selected="false" bounds="[0,63][1080,2274]" displayed="true"&gt;
          &lt;android.widget.FrameLayout index="0" package="com.example.myapplication" class="android.widget.FrameLayout" text="" resource-id="android:id/content" checkable="false" checked="false" clickable="false" enabled="true" focusable="false" focused="false" long-clickable="false" password="false" scrollable="false" selected="false" bounds="[0,63][1080,2274]" displayed="true"&gt;
            &lt;android.view.ViewGroup index="0" package="com.example.myapplication" class="android.view.ViewGroup" text="" checkable="false" checked="false" clickable="false" enabled="true" focusable="false" focused="false" long-clickable="false" password="false" scrollable="false" selected="false" bounds="[0,63][1080,2274]" displayed="true"&gt;
              &lt;android.view.ViewGroup index="0" package="com.example.myapplication" class="android.view.ViewGroup" text="" resource-id="com.example.myapplication:id/toolbar" checkable="false" checked="false" clickable="false" enabled="true" focusable="false" focused="false" long-clickable="false" password="false" scrollable="false" selected="false" bounds="[3,63][1074,333]" displayed="true" /&gt;
              &lt;android.widget.ImageView index="1" package="com.example.myapplication" class="android.widget.ImageView" text="" resource-id="com.example.myapplication:id/imageView3" checkable="false" checked="false" clickable="false" enabled="true" focusable="false" focused="false" long-clickable="false" password="false" scrollable="false" selected="false" bounds="[31,63][265,314]" displayed="true" /&gt;
              &lt;android.widget.LinearLayout index="2" package="com.example.myapplication" class="android.widget.LinearLayout" text="" resource-id="com.example.myapplication:id/linearLayout" checkable="false" checked="false" clickable="false" enabled="true" focusable="false" focused="false" long-clickable="false" password="false" scrollable="false" selected="false" bounds="[40,571][1040,1269]" displayed="true"&gt;
                &lt;android.widget.TextView index="0" package="com.example.myapplication" class="android.widget.TextView" text="Enter username" resource-id="com.example.myapplication:id/textView2" checkable="false" checked="false" clickable="false" enabled="true" focusable="false" focused="false" long-clickable="false" password="false" scrollable="false" selected="false" bounds="[40,571][1040,671]" displayed="true" /&gt;
                &lt;android.widget.EditText index="1" package="com.example.myapplication" class="android.widget.EditText" text="support.com" resource-id="com.example.myapplication:id/username" checkable="false" checked="false" clickable="true" enabled="true" focusable="true" focused="false" long-clickable="true" password="false" scrollable="false" selected="false" bounds="[40,671][1040,876]" displayed="true" /&gt;
                &lt;android.widget.TextView index="2" package="com.example.myapplication" class="android.widget.TextView" text="Enter password" resource-id="com.example.myapplication:id/textView5" checkable="false" checked="false" clickable="false" enabled="true" focusable="false" focused="false" long-clickable="false" password="false" scrollable="false" selected="false" bounds="[40,876][1040,999]" displayed="true" /&gt;
                &lt;android.widget.EditText index="3" package="com.example.myapplication" class="android.widget.EditText" text="••••••" resource-id="com.example.myapplication:id/password" checkable="false" checked="false" clickable="true" enabled="true" focusable="true" focused="false" long-clickable="true" password="true" scrollable="false" selected="false" bounds="[40,999][1040,1233]" displayed="true" /&gt;
              &lt;/android.widget.LinearLayout&gt;
              &lt;android.widget.Button index="3" package="com.example.myapplication" class="android.widget.Button" text="Sign In" resource-id="com.example.myapplication:id/signIn" checkable="false" checked="false" clickable="true" enabled="true" focusable="true" focused="false" long-clickable="false" password="false" scrollable="false" selected="false" bounds="[454,1359][623,1485]" displayed="true" /&gt;
            &lt;/android.view.ViewGroup&gt;
          &lt;/android.widget.FrameLayout&gt;
        &lt;/android.widget.LinearLayout&gt;
      &lt;/android.widget.FrameLayout&gt;
    &lt;/android.widget.LinearLayout&gt;
  &lt;/android.widget.FrameLayout&gt;
&lt;/hierarchy&gt;</msg>
<kw name="Capture Page Screenshot" owner="AppiumLibrary">
<msg time="2025-01-26T22:20:08.383192" level="INFO" html="true">&lt;/td&gt;&lt;/tr&gt;&lt;tr&gt;&lt;td colspan="3"&gt;&lt;img src="data:image/png;base64, iVBORw0KGgoAAAANSUhEUgAABDgAAAlgCAYAAABtGofVAAAAAXNSR0IArs4c6QAAAARzQklUCAgI
CHwIZIgAACAASURBVHic7N15eFxl/f//532fydKm+0ZbtrJDoZZVNtnBBUVQ+IgbiriiH6QoKKio
4IKiCLh8+QiogIr+EBEQFRSEssgOLZQdSitQ6Eq3tE1mzv3+/XFmJjPJTDKTZJJM+3pcV64mM2e5
z5ng5Xnlvt9vx4nvNkRERERERERE6pgf7AGIiIiIiIiIiPSVAg4RERERERERqXsKOERERERERESk
7ingEBEREREREZG6p4BDREREREREROqeAg4RERERERERqXsKOERERERERESk7ingEBEREREREZG6
p4BDREREREREROqeAg4RERERERERqXsKOERERERERESk7qUGewAiG5vIe6aOHcf733oA75i5J9O3
2IrxI0binGP5mjU8u+hVbpv7KDc8dD+vLF9KHMJgD1lERERERKTuOU58tw32IETqnXOOGVtuzeWf
OY09t9mOlI9wznW7j5kRh8DchS/zuSt/waMvv4iZ/nMUERERERHpDQUcIn209YRJvPyzXwH0GGqU
kws2Uh9+L0Ehh4iIiIgMojEtLczceht233pbxrSMyP7bkn9/ZWsrcxbOZ2XrWuYsnM/chS+zsrV1
EEfcd7tP25Y5C+bX/BwXf+zT3W5zxjVX1HwcGzMtUZEBtfm48Ry7937sve0OJd9/ZP4L3PTIA7y2
YvkAj6x6wxobuefbF7LHNtv1OtjIye1/9ee/xEm/uKg/hiciIiIiUrFpEzfj2L335bh99ufQ6TN6
3P64ffYr+vmup5/kxofv56ZHHmTB0sW1GmZNnHzIkZx8yJEcev7ZNT3PmOEtPd7bMcNbun1fuqeA
QwbUjC2n8cEDDmbPbbYr+f72k6cwf/EbQz7gmDZxEs9dfDkNUc9LUarx3r32xTmHmdHS1Exr24Z+
O7aIiIiISGeHTp/B6e86tktg0ZvjHDp9Bpd8/DPc+PADXPqPm7jr6Sf7aZS1c/IhR/KbU2cx++l5
gz0U6QcKOGRATRw1ms3Hjaelqbnk+5uPG8/EUaMHeFTVOWavt3Ljmefi+zHYyBkxbBiTRo1m8aqV
nH3sCTz5ykKuu/+efj+PiIiIiGzaDp0+g2+d8OGKZmtU67h99uO4ffbjrqef5Lzrrx2yQUcu3KiV
3adty7F7dwRH0yZO6nGfjx9yBIcUfCY3PfKAlqxUQQGHDKhJo0czadSY8u+PGsOk0UM34Nhvh51q
Fm4AOOAdM/fkmrv/zSPzX+SGL32NN9eu5V9PPl6T84mIiIjIpmVMSwu/+dwZfZ6xUYlDp8/g0G9e
wFWzb+eMa64YUnU6ah1ufPuED/OtEz5c9X4nH3Jkl+Ocd/21fPv6a/traBu1QQ84pk3cjJMOOozr
HriX5xa9WvX+DVGK9+y5D0fO2J3Nx41neFMTq9et48XFr3PLYw9x77NP12DUybjfu9e+7LXt9owb
MYLmhkbWbFjPgqWLueupJ7n50QerPuZgXctAamlqpqWpqZv3m8rO7hhsU8eO477zf1yzcAOSWhzv
3Wtfrrn737y+cgXee2792vlsc9op/HfZ0pqdV0REREQ2frtP25Y7z72gqGDoQDj5kCM5bu/9Oew7
5wyJ2Qi1DjcAZh19bL8d6/R3HauAo0KDEnA0RClOOvgwPnjAwRy88240NTTw8EsvVB1w/M9+b+P8
D3yUnaduUfL9rxxzPLOfmcdZv/s1j8x/oT+GzviRI7noo5/iA/sfxLDGxpLbnHH0cTzz2it8/Y/X
8JeH76/ouINxLf2tqaGBd87ciwN32oVH5r/Iv+fNZdma1QCMHDaMd+2+N0fvsXe3NSuccxy9x948
u+hV/jHnEdasXw/AhJGjOHy3mey97fbc99wz3Dr3UdrS6QG5LoBUFPHMT/6vpuFGzvQttsI5x/DG
JAjyzvH0RZcx9pQPko4zNT+/iIiIiGx8BuKhvjtjWlp4/Ac/5ROXXcJVs28ftHEM1H0Y3Y/FQgc6
kKpnAxpwvG3n6XzikKN49577sNno8ssUKnHWMcfz/Q9+jFQUld3GOceh02dw6znn89Gf/5hb5z7a
p3Nut9kUbjrrXHbdYqset91l8y25btbZfOX3v+Hiv9/Y7baDcS21MHPrbTj5kCM5bNcZfORtbcxf
/Ab/fOIxnl30KodM342jd9+HqWPH9Xic3bfelh986GQO3mVXZj89j52nbsHb37In2242mZamJnaY
vDmvr1zBQy8+PwBXlfjFKacyatjwATnXpFFjMDN2Kgi7WpqaufrzZ/Dhn/1oQMYgIiIiIhuP35w6
q8vSh8Hym1NnMaalhUv+ftOAn3uwQx6pvZoHHJuPG88phx7F8fseyFu2mtYvHSeO2G0m3z3xpHwg
sHbDBn515z/522MP88aqN9l+syl8YP+D+J/93kbkPeNHjuSKz57G3ufMYvGqlb06Z0OU4rdf+HJR
uHH/889y3QP38Oj8F1m7YQM7Td2cE/Y9kPe99QC8c6SiiB98+GTmLJzPnU89MWSupRZGDhvGUTP2
4OBddmX08BZGD29h0qjRTN9iSzak04xobmZk87CKPv+mhgamTZzESQcdzvv2OYDmhgZGDRuev0cH
77Irj8zfg2deeyU/w6PWPnX4OwbkPJBcP9Cl4NOJBxysgENEREREqpJrgTqUXPyxT7OytXVAZ3KU
CjfmLnyZmVtvM2BjkNqrecDx6AWXlpytsWzNaiaMHNWrY37vgx+jMZUMfdW6Vo778XeLKvM++d8F
/OXh+7n32af56Sc+i3eOLcZN4NzjP8j//vr/enXO09/1Xvbfcef8zz+/7RZO+03xsR5f8BJ//M/d
nHXM8Vz4kU8A0JhK8fX3nVg24BiMa6mF/bbfmXfO3IuxLSPyr6WiiHEjRvbqeM45Rg0bXnLWxNiW
Ebxz5l489OLzNS++6ZzjxUuv6HZpipmV3bc31re34Zxjr223L3rdO8eSy3/PZp/9aNlzioiIiIgU
qkWXlP5w6PQZAxZwlAo3PnHZJUybOEkBx0bG1/oEuYd3SB7g//zgfRz/k+9z0s8v6tXxZmw1jX22
2zH/809v/WvZtkO/+Oct3DqnYylHYYueap1y2FH57x9f8FKXcKPQj/76Z+6YNzf/8wE77lL04J8z
WNfS3zYfN55j9nore2+3fb/M0OmJc469t9ueY/Z6K5uPG1/TczVEEVtPKG7nZGbEIfDCG4u46Ja/
8Pbvn8uOsz7D9C+fyjEXns+3r7+W6x64l9Ovupy7n5lHWzpNCKHic76+8k0csOX4CV3eGzdiJE2p
hr5eloiIiIhsIk6+7GLmLnx5sIdRZO7Clzn5sosH5Fzlwo3BrAMitVPzGRztmQyzn57HDQ/9h6vv
voNV65LWQO+cuVevjnfCvgfm/5relk7zi9tu6Xb7397zb47eY28Athg3gcN3ncm/n5rb7T6d7TR1
i6Lin7+7584e9/nzg/dxxG4zARjW2MiMraZx9zPzBv1aauHQ6TN41+5709xQuuhqOe2ZDIveXA7A
1LHji8KwnjQ3NHL4bjO559mn+NMD91Z13mp88Z3vzX9GwYxXly/jM5f/LD9zZMcpm3PRSZ/inbvv
RWG0s8Osz/DS4tf56a03AzB5zFh+ccqpHLv3fkS++1xxzoKX2GL8hJJBRuQ9X3r3cXz/xuv65wJF
REREZKN36PlnM+eHP+vyh7vBsHDZEg49/+wBOZfCjU1PzQOOvc+ZxasrlvXb8XbZfMv898+89kqP
dShufvRB2tLpfF2DvbfbvmQocOFHPsFRM/bg1RXL+PJvf8Xzr7+Wf2/m1tsUzUy477lnehznc4te
K/q51AyOWl3LQNp83HgO3Gk60yZW/j+WLy9ZzJ8euJe/Pf4wr7+5AoApY8fx7j324X/2exvbTNqs
ouPsMHkqh0zfjf88/wyvrVjeq/F3J/KeU99+NAALly7hsO+cw8tLFgPwoQMP4RennMroYcPxnQKL
YMaCpYuLXntj5Zsc/5Pv09zQyPc++DFmHX1syWUvZsafH/wP33jfB8vOhvncUUcr4BARERGRiq1s
zS6F/+YF/drdo1q5JfkrW1trfi6FG5ummgcc/RluAGw7aXL++4XLlvS4/bq2Nl5fuYJpE5OH5p2n
btllmxP3P4izjjkeSHpDt6XTnHDxBR3nWbqEC2/+c/7nwvCjnImjiuuLlHoAr8W1DLSlq1fxwAvP
cviubynq+lHOwy+9wCV/v4nbnniUVevWkYljAF5eupinXl3I3IUvM+voY9lnux16PNbLS97goRef
Z+nqVX2+jnK2njCJvc6ZxZyF8zEzRg9vYdkV13bb8ebV5cuIyyxJ2ZBu58u/vZIv//ZK1l1zA80N
DUVBhgF3PzuPv5z5jbLHr/WyHBERERHZ+MxZMJ+TL7uYv3y5/P/PrLWTL7uYOQvm1/48Cjc2WQPa
JrY/jB3RMROi0gfbpatX50OBUj2Etxw/sejnyWPGFv384IvP8eCLz1U1zsLaGsvWrOaR+S902aYW
1zLQ2jMZbnz4AZavWcOX3nMch+86s+y2Ly9ZzFWzb+emRx6gtW1D0XuZOGb5mjXc9MgDTBo9ms3H
je+2pey/n5rLT265kXuefYr2TKbfrqfQyGHDGHPKB1i7IRnrV997At//0Md7LDha6ayaER8/nss+
9QU+ffg78iHHirVr+OABB9NdJZPaVzkRERERkY3RjQ8/wHnXX8u3TvjwgJ/7vOuv5caHH6j5eRRu
bNpqXmS0vw1r7KjzsK69raJ92tLp/Pcjm4d1ef/6B+/jv8uWAskD+28rqLHRnYYoxfH7HpD/+ba5
j5XcrhbXMhhWr1/HHfPmctbvfs2v7vxn2dat9z73FLfNfaxLuFGotW0Dtzz2UNmuM2vWr+dXd/6T
s373a+6YN5fV69f1yzWUsrK1lbUbNuCd469f+SYX9BBu5Nz//LMVHT+Y8dkrfs4Z11yR74py9ew7
uPhjnx6QYq0iIiIisun59vXXcvXsOwb0nFfPvoNvX39tzc9z5We/qHBjE1d3MzgKC1lm4so6U7TH
HaHA8KamLu8vWLqY3b96GvtuvxPzl7xR0RKU7px7/Afzsyza0ml+fMsNJberxbUMlg3pdp747wL+
Pe8J9t9hZ6ZvsVXR++2ZDC+8vqiipTgLli7pUsMi55XlS/n3vCd44r8L8stbau2e8y5k/x12rjh0
mL/kjaqOf+k/bqYxleKCD53M+JEjeyzWqvBDRERERPpi1jWXs/u0bQekRerchS8z65rLa36eKz/7
RT552NuLXlO4sempuxkcPXWg6Em5v8C/2bqWW+c+2udw47Bd38KZ73l//ufL/vX3suvManUtgyUT
x0Te09zY9QF96epVvL7yzYpCiUwcs3DZEhZlC5AWam5sJPJ+QMIN5xy/+uzpVYUbQK9mlfzorzfw
o7/+mY8ffETV+4qIiIiIVCNXdDTX4bJWBqqoqMINyam7gGMomzZxM35z6qz80pMn/ruAc/5w9SCP
amBlQlwyfBg9vIXRw4dXfJyJI0d3KdQK0LphQ8XLefrqa8d9gJMPOaLqGROl2rv2ZMqYcZx1zPGa
nSEiIiIiA2LB0sUcev45NT3HoeefU3Zmdn9RuCGFFHD0k5HDhnHdrLPzvaVXrWvlc1f+nA3p9kEe
2cCZMHIUO07ZnHEjRnZ5r6Wpia0nTGLCyK6hRanjTBk7joao6wqqyWPGsusWW1V0nL46aOddexU4
TOmmOGopo4cPZ/7Prqx4Rk+uXoeIiIiISF/MWTCfT1x2SU2O/YnLLql5x5RS4cYPb75e4cYmbJML
OGr1bHjdrLPzrU0zccwXfn1ZxcUme2soPefuPHULzvufj/CFt7+bsS0jurzvnOOAHXdh/x137vFY
h0yfwaHTZ5R8b9yIkfzvO97Def/zEXauoC1tX/z8tlt6td/uW29b8bbbbTaFZVf8oce6GyIiIiIi
tXDV7Nu59B839+sxL/3HzTUPGUqFGwC3znm0pueVoa3uAo44dBTjrLQGhStorNmWSXezZe9c84Uv
8c6Ze+V/Pu/Pf+D3997V435D8Vp64/BdZ/Ljkz7JRw86jImjRpedibDblltz8iFH5oOgUvbZbgc+
+rbD2HHK5iXfj7xn4qjRfPSgw/jxSZ/sti1tX90xbw7VZkjOubLhTOftTj3qaJ67+Jekoqiqcwyh
XEtERERENgKzrr6c2U/P65djzX56HrOurm1R0XLhhkjddVFZu2FDfoZApX/1LtxufT/Xb7jwI5/g
pIMOz//8s1v/yndv+GNF+w61a+mNzceN57h99uOI3Wb2eA1NDQ28Y+aejGlp4Td33c6tcx5l2ZrV
QLIs5di99+MThx7J7tO2pTHV/a/mqGHDOWK3mcxf/AbPvf4qr61Y3m/XlLMhnWbN+nWMHt5S1X77
7rAT3jlCmSk240aM5Kkf/z8mjxnbq3G1bijfZldEREREpDeOu+g73PXNH/Sps8rchS9z3EXf6cdR
daVwQ7pThwHH+vz3I4cNq2iflubm/Petbf0XCpz5nvcXdUz53T138sWrflnx/kPpWnpr6epVPLfo
NVasXcvUCmpPtDQ1c+CO09ll8y35+vtO5L/LlgKw1YSJjG0ZwdiWET2GGzkr1q7luUWvsXT1qj5d
Qzlmxu1PzuH4fQ+saj8HjGgeVtRNxTnHtImTuPrzX+JtO03vUzHR2+fN6fW+IiIiIiKlrGxt5eTL
Luaub15Q9R/4IKlBePJlF9e0Y4rCDelJ3S1ReWPlm/nvtxg3oaJ9Ch+8Fy5d0i/j+NjBh/P9D30s
/6B6y2MPcdIvLqrqGEPlWvqiPZPhrqef4L7nnq54n6aGBqaMGcfOU7fg0Gy9jZ2nbsFmo8dUHG4A
3Pfc09z19BO0ZzK9GXpFvnnd76ou6umc4+KPfZrhTU3sOGVzLvn4Z1h3zZ956dIre124NMfM+Mb/
99te7y8iIiIiUs6cBfM5+bKLe7XvyZddXNOiogo3pBJ1F3A8u+jV/Pc7TS1dp6HQLptvyfiCrh6F
+/fW0Xvszf/75OfzXT7uefYpTrz0h1UfZyhcS3944Y1F3PLYQzzXi/E0plJVhRo5zy16lVsee4gX
3lhU9b7VeGbRq2xIV1/r5ORDj2T5lX/g2Z/8H6e/6700NzT2SwvY9kyGZ157pc/HEREREREp5caH
H+CMa66oap8zrrmCGx9+oEYjUrghlau7gOOhF5/Pfz95zFje/pY9ut3+hH0PzD9YxiFw9zN9K56z
3w47c83nv0xLU7JU5PEFL/G+i77Lul4sFxnsa+kv7ZkMd8yby+3z5tR0NkXh+W6fN4c75s2t+fnM
jAO/eVbVszi8c/zorzf0a0FQM2P/c7+sNrEiIiIiUlOX/P0mrp59R0XbXj37Di75+001G4vCDalG
3QUc1z1wD8vXrMn/fNYxx5fdduSwYZxy2FH5nx+Z/wLPv/5ar8+909QtuG7W2YwfmcyieG7Rqxz3
4+8Wjacag3kt/e2NlW9y65zHiqalLV+zhj89cC/fueGP3PlUdUtJ2jMZ7nzqCb5zwx/50wP3Ft2n
OQvmc+ucx4qW+NTSnIXzWbmu+rWEZ77n/Xzm8p/1WyCxat065ix8uV+OJSIiIiLSnZMvu5i5Pfx/
z7kLX+71kpZKKNyQatVdkdF1bW386YF7+dxR7wLgyBm78/8++XlOv+py0nHHA/TYlhH8/rQzmTZx
s/xr3aWQF37kExw1Yw9eXbGML//2V13Cg81Gj+GGL32NLccntTJeWb6M9130vXyRzKF0LYMhDoH/
PP8Mf/jPbFa0ruHhl17gn088xvzFb7Ahnea6++/hf/Z7GycddDjbTNqs22O9vGQxv73n3/zpgXtZ
9OYKmhsa2Hazybz9LXuyz3Y78NdHH+LOp54oarNbS2bGnmefzks/vbLidr4AzQ0NHDljd77y+9/w
ww+fjC/TPrcScQjsdc7pmr0hIiIiIgPm0PPPZsHPfl2y6Oiqda0cev7ZNTu3wg3pjboLOADO/sNV
HDljd7afPAWAU486mqNm7MGdTz3BitY1TBkzjqPesjtTxnQU5Lz9yTlc9q+/lzzeifsflJ89sfu0
bWlLpznh4guKtrnmC19m+hZb5X82M/7wxa9UNe6rZt/eZfpWf1/LYHqzdS1Xz76DPz94H61tbaxe
v45MHAPJ/wBe+o+bGTVsOLOOPrbb49z0yANc+o+bWbWuNR9iLFm9iqdffYWWpiZWr19Pa9vAtkpd
sHQx511/Ld8+4cMV19JwznHi/gfx6zv/xcmXXcLVnz+jV3U4zIwLbryO+UveqHpfEREREZHeWtna
yqHnn9Ols0oSbpxTs44pfQk3Pn7IERwyfUZF21a6ndSPugw4Vq1r5X0XfZfrzziHnaZuAcD2k6fk
Q4LOZj89jw/+tHwR0C3HTyz6efKYsV22mTZxUtHPW02YyFYTJnbZrjuFIUVOf1/LYDIz3mxdy5ut
a7u8F4fAirVrWLJ6Je2ZTNnCou2ZDEtWr2TF2uJlP5k4ZsXaNV1eH0jfueGPvP0te3DgTtMr3sc5
xz/OOY8xp3yA20+dw6uXXV3VLBAz4+GXXuCbf/p9b4YsIiIiItIncxbMZ9bVV/CbU2flX5t19RU1
65jS15kbJx9yZD+ORupN3dXgyJn3ykL2P/dMfvK3G8vWYnhp8eucfe1VHHr+2d3Wybj+wfvyS03a
Mxl+e8+dNRlzOf15LUPd0tWrWbp6VTfvr2Lp6tUDOKLKmRkHffurPPXqf6vaL/KeVb/5E61tG4g+
dAzX3ncXocKlJs+9/hr7qbCoiIiIiAyiq2bfzqX/uBmAS/9xM1fNvr0m59GyFOkrx4nv3iienA7f
dSY7Tp3KyObhLF+7micWLuCR+S9UvP/YlhHsu/1OzF/yxqAX7+zrtQxlx+97IN86/kPM2Gpayfef
/O8CzvvzH/jzg/cN8Mgq55zj5rPO5d177FPVkpO2dJqZXz2N5xa9yqhhw7niM6dxwn5vw2WPWcjM
uHXuo7znh+exzaTJrFy3ljXr1w9IlxoRERERkVJOPuTImoUbJ+5/EL/89P/2+TgvvvE6azdUv5x9
zsL5zLr68j6fP+eub/6AQ6bv1i/Hmv30vJrWO9mYbDQBh9SHnaduwWeOfCcH7bxryfdvf3IOV9xx
W13Um/jMEe/k/z71hapCDjPj9Ksv5+e33YKZ4Z3jsF3fwjnHfYB9ttuBEc3DAPjSNVfkU/I/nv5V
VrauZeKo0Rz/k+/X5FpERERERKT/jGlp4ZKPfaaoUURvLFi6mFnXXF6zeicbGwUcMqAaUynGDB9B
S3NTyffXbtjAm61r88VJh7qRw4bx6AWXsu2kyUQVdkkxM15bsZxpp53SpRNMYyqFd54N6fb8a6OG
Dccw1rW1DVjnGBERERERkXqjgEOkj5xzpHzEkz/6OdtPnop3rqJZHcGMF99YxJHf/TqvLF82ACMV
ERERERHZeNVlFxWRocTMSMcZdv7S52iIUrxz9z054+jj2GPadowaNgycIxd35NLENevXMXfhy1x0
y194Y+XKwRq6iIiIiIjIRkMzOERERERERESk7tVtm1gRERERERERkRwFHCIiIiIiIiJS9xRwiIiI
iIiIiEjdU8AhIiIiIiIiInVPAYeIiIiIiIiI1D0FHCIiIiIiIiJS9xRwiIiIiIiIiEjdU8AhIiIi
IiIiInVPAYeIiIiIiIiI1D0FHCIiIiIiIiJS9xRwiIiIiIiIiEjdc+3t7Zb7obGxcTDHIiIiIiIi
IiLSrfb29pKvawaHiIiIiIiIiNQ9BRwiIiIiIiIiUvcUcIiIiIiIiIhI3VPAISIiIiIiIiJ1TwGH
iIiIiIiIiNQ9BRwiIiIiIiIiUvcUcIiIiIiIiIhI3VPAISIiIiIiIiJ1TwGHiIiIiIiIiNQ9BRwi
IiIiIiIiUvcUcIiIiIiIiIhI3VPAISIiIiIiIiJ1TwGHiIiIiIiIiNQ9BRwiIiIiIiIiUvcUcIiI
iIiIiIhI3VPAISIiIiIiIiJ1TwGHiIiIiIiIiNQ9BRwiIiIiIiIiUvcUcIiIiIiIiIhI3VPAISIi
IiIiIiJ1TwGHiIiIiIiIiNQ9BRwiIiIiIiIiUvcUcIiIiIiIiIhI3VPAISIiIiIiIiJ1TwGHiIiI
iIiIiNQ9BRwiIiIiIiIiUvcUcIiIiIiIiIhI3VPAISIiIiIiIiJ1TwGHiIiIiIiIiNQ9BRwiIiIi
IiIiUvcUcIiIiIiIiIhI3VPAISIiIiIiIiJ1TwGHiIiIiIiIiNQ9BRwiIiIiIiIiUvcUcAxhLv9v
Cgc4PDiy32d/BpKP0We3dx2vOzbuT9hB7gKT+xEV3pz8/SvmO7bBA6n8waLajlZERERERERqKNXz
JjJYLP+IbskDuTmcOSz3Wn4L69jeuYL9gODy7290DBwBc2DmwQUic8TZ+2X5S/cdO2DZNwp+JgIC
MRvxvRIREREREdnIKeAYwpxLHr6biGkw2H1KMzM3n8guU8YxusnIAJmMY0m7Z97zC/j3i8tYZ8Z6
HLHzmFk27Ng4H9o9juA9zgIOo8GMFDB+GBw8fTJ77DSNCSNiIhfAIlas87y+eh1PvfQaDz27nNUx
tLuYDBEeI1gKyAz2ZYmIiIiIiEgvuPb29vzTb2Nj42COZXC43J/6PY5QcpPcDcpFBR1//y+9PXga
MDIOzEqHCw6PuWT/VNRIHNIQUhhpxgM3f/YIdh6xgRGZtSTLTgKGxxngS8UWHvMdI1wfRaxOjeTq
2x7hgsdW004DGdJ4R8eo87MePHHZaxl8SeyQjBXnklkpPmJ8SPOTj8/kqF0nMpy1NFk7RiobDGW5
JPxwAM4wcwSXHCs3kSN2zbSlWnh5Rcy7vvVvluNxPmAhRaOLybiIYBlSBhmXAusagnhyk2V8/rPK
D6Fgu86/DbkZOIbljgIkc0qMiEDcl1snIiIiIiKy0Wlvby/5ugIOF9FkcdGDZ2GI0Vnuvdy/FL8C
3AAAIABJREFUhUFD7nsPpF3yfSgzeSIiRewyeEuWlmyRgn98+Sh2bF1McAGfiaCxIHSwghGVq6vh
k+UryaZG5BzeDDNoizyPt4/h+EvvZKlzBHwScJABbwzZfCN7U5MVOp6dRnr+/vVjmJx5BXPrSbkW
Yh/hSHfs4lzB7qHoZ8sGPOZDye3NPJGDNX4kH7j0Me5ZsJJAAxbSmPOkLJSc4+GABg+pQD6S6Px7
UrgtFN/ywkU0HlhPCnMZyuRjIiIiIiIimywFHGUkD6Ep5p96KFutexWLHMEMh8dlK1U6M5zzHX+X
d57YG1hE7nHVOcvOMAhkrJHI2pl8xVOsKHteR+TgvdPGcNUxOzA80w4uJnaGN5IZBr4x+ddiClMN
50snHMkMjoQnQ/ANuBBhPsa7Njb4ZrxFEAKf+MsCbnhpOXGyOKMf7mT/8z5ZZtOIcfFH9+Wj06HZ
YgyHCzGWgoyPCNmlKWaGc1YUWEBHgGEuGz74UPJ9ly3PEZxhloLIaAwxjy1v5LDvPEibd0ShdMAB
nqWXHcHwsBLvMhgpcBB7iqZtBJdclzPwwYh9NpDK/f6YJzjY8pMPs8ZHEDSDQ0REREREpFC5gGOT
r8GRPHtmkr/qOyAkIYbzqaKtLIk7sn+Rzz5gFy4f8D5bANSRIgYX4UiWGsTegVl2xkTA08z+fgO3
n7oXKVsP8QaCSwqEOlx2BkZBoOFcEqa48kFEyE4T8CE3SyGpTeFdAIOMa6AhxEAa7z2/PWEKv3Jb
ctLVL/DX11uJI4ePjeCSZ+2OezOwknuc3CcLjjnffyfb22K8tRNCEj4AhChKPosQ8LjsEg8wc+By
XWQCRatVDIhCPsjoLPeaN5csDbFkscmMCRmWXvpW1rnR7PDFf7IG8J6kKKkZzrIhkXPJsiNLZT8z
hw8Byy2DckZk4OLke8sVhLVklokLHnOOKDcLROGGiIiIiIhIxTb5gAPITsIIhT90er9gyUPBX/uD
K66zkAsmgktWfeSPaslsD0/MVo0Rc07dgxGZNlzcTsZnm7q6HuKEbsKNzpdSeKRccOMsO2YPYDiL
aDTjjydtx5oUHPSTJ3k25Far5KYdDHDEkV3Wg0X8+P0z+cLeGcyW52+NJ5CfMVMwOlcwzqLZG9ZR
0wJ6vsWFkjtgBOfxBlHI4FNrWHrxTJY2T2Gn025jXcaSAIuAIyIyn/3ccycq+LdTXZCO8+TSJMuP
UatSREREREREqqeAI8cVLAOxMktAzMg9MDsX5XOPLoVECx6sc3+99wTu+/Qh7JlaS6q9lXSUwUWe
hjgmjqKyw0qOnW0J61y2MGgFj8Bm2RkF2csrKjKSXF/wMVFmBGNYzaNnzOS5tcPZ6+f34wkEK5wX
UXuOZOLFBO954fw98dZGlEnRHiWlNnOhgCO5VyXH5Vy39VOKNi0zi6OI5WZaxLSnPA2hleA8YzNL
WPaTA3l8SSMHffeuZHJNHGdDivIHNbPsLJKCwCy7i0INERERERGRvilXrnLT0fl51FKUuy3OuWyw
0TWQCNmOKWaGt3ai7B/pvcFUb6w7dTf2jFbiXDqZh2ARzoyMb+j2QTs/Y8RV8tieXaqS7FA63Mhf
sCcKKfDrydBEKhjTW1pZ99U9GJft2gLJEhucryg0qJ7rSNhcA//5yhH89xt7EIV1NAQjeEiFbPCU
DWWM3NKgEjNaqqjImety0u28mPxanQhvELsGYu9w5glsYOak1az6xT7s1JxduhQ8Gd+p6Ebh4ZwD
X5s7KSIiIiIisqnTDI68juavxT9XcYTcrABzrGsMBOCCQ7Zl1q7DyeBJFaxUSP6tNl+qbEy5JSkd
5ym7JeaSZRIuW2w0Is2ir+7GF/+5ml8+tpAYh7eQXbbS/8VIMw6aDF754f6MaVuRFHgNDfmpDR3h
TzY4yM2uKRH4JKtDuhYZ7Rsruu3OfMeYHDQGY+4Fe/B0ZgJGmsbYiH3UsfREREREREREBoRmcOTk
H5zT2eUqPWyena3ReXmKcw7nYXhbE3M+vitn7jASF6dosHSZI3XDheLj97imotPu1tMH3DnUyf3k
uOQdo7j5lLeB9zULN8AYYbDyu3szrH0DZkZwjsaQzo8jFF6yuewsmtL3obv3umybr+vRnUC22W+Z
0RuZKE3wzezStIyUX5eNitoqGgMkM26GZg8bERERERGR+qKAo+jZPnT6tzsBRyh6oM7lD0ZExrcz
uaEhWaPiAoGG7HuV33IXDG8uWUpSpi5Ib5nrKNgZHIRsjYtAKqm9YSmOmLyOR2cdmHQjIZWd7uOJ
+vhrk9Rijdg85Vn6vb3xIdAYB2KXLAXJuIYyNTasYIlKqYvq31kT3nz+q/RwHFgDjjRYREOcwZxh
1lDxOUqN2OW/tJxFRERERESkUgo4usg9XvaOuY46GM7FXetgVNgNJeEB19/ZRp5lB1V8tYFAhCMQ
WYadG1bx2JcOxwGZ7EKWuI/LLxywbQO8+K2ZOIsJLhCc4Sxpx1tmtPRUitMoUfC1j3o6a9ESIJ+b
8VG55BPudMwSr4mIiIiIiEj3FHDk5LuoOLDyXU16I//IW1W4kd3XG6Ga/qbVHR1I6koU/yrkzudx
UcyM1DKuP2V3cD4ZSx/HMwKYd85upAwsJNUqzBcv4cmXQq3iVNUsUamUufIrgzq/bviSy5by75tB
6LSkyRRmiIiIiIiI9AcFHFV0UemtKPdMa773S01c6FVA0uUw2afyXE6RfAW8JWGCL1ieY2ZE1kgc
eY6eaHxs55FJzc3e5BsOiJpoxPPKt99KykWE7IwQZx4XKg+Vcq1iu6imi0oFqULoZptS++fCinK7
VdZFpeeZKiIiIiIiItKVAo68woKb/fuAWfSg3OeQYqAffkO2oUmGy4+bwnjvqq11mtcY2nn1+/sz
PG4nEGXDntz96Ps8hmqWqOTa4Pb6Ysodt88zSArHr7kdIiIiIiIilVLAkVNlF5WqDp37pi/hRnZ8
1sueG+WWWnS3BAPACt70pHjpa3sS9eLB2wNPnfcuRravJR01Yi7ulxkphapbolJRH93CLYvPVWY3
q7JNrbqoiIiIiIiI9A8FHL3uopLd0eKO2QBl9NsSFXo/Q6Bc6Yyenu9drhCpc5iPGOZg7ul755da
dHc1+ZG6iKMmNjPZv0ZwDXgyeHMEci1oexw9Fc1m6Hb2hid4wFw21Cl/vMLGsBUXGM3v7LHu1raU
OJeIiIiIiIj0nQKOLirtYeGSopLZr+707xKV3ulppkZwudkEHdfSOUwJOOI4ZrsRgenDo2wFjW7O
mb2XTRb426nb09DeQMo6Zsd4K98zpfCsyVdlMy3KL1GJc1v0eJy+dDGpttCpV5FRERERERGRfqGA
I6eCLipJh4wYsxjnooofZvtliUo/6NL1Ixt6JDMRisfmnOsSFpjzyTWHNI+ethtNBIh6+hUynj3/
IDLe4+lauLP7u5ctrOriipYNdfk8CqdYuFxQUplKQodqy3eU7KJS4blERERERESke6nBHsCgK9lF
pcymzuFc9ZlQZBA7sstTHN09aMfOEQVP8GlSliJgONeG2bCipTDOGnCkyfgA1oC3OL9Cw1nHdsmM
jNLnK3z+9/mlM57gMiVrSaRCwBzEPiJ2Kc45bCzfufNNMtlrc4Ti+RHOsUUEU8NasBTBh2xL2uKH
fJ/dr+tMGJ9NEYyOKCA35cF3HMYFYiIiayN2zXgHsW8D10gcGnl61TAefGklT7z8Bi/+9xU2nzqZ
3bffkv22HcX0CY6RYRWOmBjAJ+FWRDpbCNWBTxf9Xji677BSjnNOaYaIiIiIiEiNKODIK+yiUvhz
33VZotLNKglnBq4dFxoJPsaZJ7gGIsskdSPMg4+JPaRiR2QOI0PsU/kWrx2zMjofu+truVkIHUPs
mClRKuRwlsxz8cScecA0vjN7JQTLhhtR0f5Y4IVv7IcPcVJU1MA6D8IcOIfDim5LR9hROMfBSIZT
PDPDWcB5R6CRAPz0rqX88G/zWUMDVjBzI181ZNEb/H8PLyXJG2ICjiaMd+42iV9++i20hJVYSOFI
g2sgWAOu4JyWu5cKK0RERERERIYMBRw5hV1U8PR0a8ysgmoO2W1z37hAT0/FkTnMRTgcK/1I3mwe
xfX3P8m/5iwnnQ0bdp4CnzpyH3ZsdrSENhyriV0qiQI6Tpb9N/twn6uJWuL0wUGU29YFwJdcopLj
DYJLkaKNX524Hx//48OYZSgKN4ADxoEjk4QIBUFK18obLrtv19kxSXCS+2zifF2PZKzZ8aQaWRoP
48BzZ/NKxgr2TecnfBguu29umovDLJk5EmG0ATc9vYy/ffF2cDDnwuOZ5hfgXRpHQ8n7QD+EHKFL
wCQiIiIiIiK94drb2/NPhI2NjYM5lsHj4MXPHc7W6xd1vORL34vcjAaz7EO7i5IgIAUuGPjkb/0u
W2vB++ThPHYd+7tskOAsRcBhqUAqY1jkuX9DC8deeR+r6BwXlB06zc7x848exIc2W4uLHcFvwNNE
5NqJQpQ/N+QmTLiin2MHqXxoEPKFRjvP3vC4/PbeGUYKc0bLdx4leA/B48mQco60GSu/tT8jWEOG
JgpnXXSMwWdraySzLEJBqOR8LpHxBaGMYb6ZFOswIjJNjvYwjOlfvYfX86twyi/JqYqDJuCZH72d
yX41IUpnZ3s04l3IBxLOl1mylB1/KFHctfC+xtlVK65oZotj0qcfYl3fr0JERERERGSj097eXvJ1
FRntov/LPpbsomIRGWc4MnjvOP3uxTT/fA4H/eo+VjiIK5xcYw7acHzqd/cy/MeP857rnidYCz4Y
3jxxVPqDzw/HOmpKdO6i0rXIaHYfcktIAs6ME3eZnBTPdBmCi2jH2KYloslvSMKNguKqRQ/7RYVD
S/wqZlu6FkqO7oiBPz0TM/7se3m9qPVuPxVyNUebi9jurLs45qdP52eO+B4qixrVFR/t2kXFVTwz
SERERERERDoo4MipoItKb5XqohJZhibzzLHxDL90Dr94agmZbKhRqqtJd0J2GYfDccfr6xh58UNc
+dwK2lyggZaKj1Kpwofy4OBXJ04FZzjz+QKnD569Py52mA/5Ap1dH/wLO5t0/VW0TjNIzAWMdtJE
7Prtx/nklY9jsVU19spFYDFYO3csXMf4Mx4h7YbjewiMcOVb1aqLioiIiIiISO0o4CjZRaV/b0uU
W21BCo/HLMUGFzH9isfZ55d3k3ZkS2xmcJarUVHZQ7tL2o/gLIMRICRFTL/wj4VM+fE81nmH9wY0
kI46WsMWfnlLuqgkXz3PHCmckeJwmMHwZF0OYDQZNIdVQMCFXH2NUkVOfRImWdQl/egoMmrELiI4
l8xIIcVmX3+El9MQ52Y71GTKQyYpikpyb9vNM/b0+1npRhNhBJer6VHMWdelPfn3nAOvOENERERE
RKQWFHDkFXZR6d8n5lwg4C1NbDEhFTHpsid4PlNwyqJvKz+/dfo3/53B6ihizI/msM43E3CkQvHM
lFJdVSqp/FF4h5wZ3gJ3fePYfKvX806cAaGxSwBgjiSEKXwhN5DSgwGgIaRxFpPxgXFff4xWPN4C
NUo2usidJYVj6hdnk2YEzqyotkl+W+UXIiIiIiIig0IBR05hFxVXSXnPKg6d/dc5T8AYc9mjrHUQ
u4iU1WJ5BUnr1TgmHWJG//AhMk3QkMnks4RcnlCcK4ReXbtZAzu65URE4ANf2A5SoWv4YISusxtc
bolJ6PRadkQuJh0FMpZii6/Poc3AWSAM6MIOT5MF0maYRYz7UjLrplwWVG6JioiIiIiIiNSOAo7O
D/hF/1awo8VJV5QyQrbTiDlY69uZcNlTbMhNPrCYTK2e083yS12MBkZe8Dhrm0bgXMBZA7HvWKLS
F0kvlDSNrGeYBVIBfKPv1BUk4c1nl6yUUnwPk/awDohojh0f++NCVuEK2swOZIgQaMstG7IMccYz
9bRHacLhLZN0hcneSGdJt5m+cPkvTQcRERERERGplAKOLiot++gwfP6rHO82EAVoCDF7/99ztCZV
KDs2qOlzeu7gAfPGxAvvp50mYt+G61Rro1QXlXK1JAo5IHaOjDP+94idOPOgLQGP0bVQaxKoFFxw
UQjiiza0pLoH4FjUtBk3P7uUjg4jgzFDIjln0nEmZr3z/O45iKNGfD/P2FDhURERERERkeop4Mip
oIuKmWEWYxbjXIRzrscQIIpTmPdctzTwsjei/IP7QAoQYtq8sfvFj+BDA+Y6L1fpNIPCuYqXWqRC
RJODM9+2GacftS1R8EC6y3ZGKG6Z220XFZfdI2Lbr9xGiIFaLeepQi7MMnN88v8eos03ATHB9+4z
TUIlERERERER6SsFHFV0UUkCjQjnKm8j25Zqw8URH/7LM1jaEROX7L5RW0k7EBc7XsxEPJseQSou
nsHhczVI8g/wVtEMjuTogRCgJaxldGY1jhhcmV8tV1hkNKJcFxVvRobAN29bTCZ7lqFR2SJkx5oE
RG/96n+ISeHLpBQ95R6lKpUUVG3py0BFREREREQ2KQo48gq7qPTf39RT1sjRf3qaZHlF154nA8kw
vAvs8dO7sYakQmbXOhy9u/ZkJkhufkM30xKsxK9ciS4qkaVpc0389O7/9mo8tdWxUOalVcZ6N6ps
LZOyJUd6OLaIiIiIiIhURwFHTlEXlZ4f8pPlKtbjMo621HDueHM9bggsrwAI5oi98XxqXPKzK3wI
91DQn6TcQ3v5a7ekuGlw+aKbhVxuCVDRi127qJiDtG/ithfah8y8jVKSsqMZDvnq7QQrHn+p70VE
RERERKR2FHD0uotKwJVqe0pSp8FZwJnn2ufWEXxv/pJfKwEXw17fuwPzGcwaibPLSbwlJUbzCyTK
ZAu52iNdrz1bXcQFcKHKdqkd9zx33o9fPWdIL9JIrhWeXetIkQJigotwlnzesS9/D8tLCqwmjXaG
RigmIiIiIiJSDxRwdNH3HhaRhaSLiMvwxX89AaHymh0DwjnaArSnxhL7DJGFkl1UqgsoOuQDkpI1
PHruomIO0pEnNohdY6/GMGAs6SLzatMWZHwKT5rYRdnWsb054MCXoBUREREREdkYKODIqaCLSqUy
HrBAmgba88ceOnMRcsHFHa+uJ0Um+0DddbaAc46AEbCKl1rkZ3aUnNnS+Rylu6g4jOtfTgGGs/bK
TjwIclfoLMV7v/I3GixNxrUR+3acdS0wamYQFF+IiIiIiIjUggKOKrqoVH7IQIMz3mieSJx0O4Ve
zoaope/+dS7BUjgc3nz2q6O7ipnhcXhc1bMRyuYhlXRRMcfXfnM/hs+3ZR2KOkrGtvPSyvX4kMLb
cCKLSnZPcc6BHzpBl4iIiIiIyMZk6D49Drjcg2dxwcteHck8sWvi9w+9MKSbYjyzIo0jYC4ueDXT
5+M6ulneUmEXlVUZA1y2GsXQtwFY61vwZqosKiIiIiIiMggUcOTku6hkKuqi0tOxAjF3vLy47+Oq
oXXOZQui5n4NQp87yORed851eb/SLirBRazH44ipJ6mG5HrdEFqOJCIiIiIisqlQwNHrLirZHS3u
OsvABYIzXliyvu/jqyEHBG/EzlXV5aVcFxUj7mgxmw05KtdxD2MivAXAD+UJMEUckI47utHklFqq
0nm/Uq8lXwpKREREREREKpXqeZNNTaWZj+u2PoRzfV3oMgBcUlsjytbaSEKOWmdeydKT5Pzluqg4
zEWYBXIlTOpBjMvOgOkIJnrTHrjvfXxEREREREQ2PQo4cvJdVChdJ4JcXYkktnAuyjcKKVdvou/V
LGrLQsDnun3kw42OWCbXRSX3fSUP3YWzNjrflaSLSuFRCiOg4ntuZnUVbhTENkU/9VSOI7n3VjfX
KSIiIiIiMlQp4OjSRaWBco/VybKMymY4+DD0l1fkxufyz+PFMybMDJ9PcehxWoEjmXWRP2apjiEu
dLTh7dyONzujw1vIzi7Jtqcd6jeyUL6Wi+X/6bnmaNFdL/O6iIiIiIiIdEc1OPJyT6Ex/bW4pF4e
TYs6tBa8Xl0NjU7HLNcOtaIuKkmaEnD1cxPz+rq4pO4uWEREREREZEhQwJFTZReV7jqJ1AsHxB7S
2Uv3BbMNSnVByenx2p0rOWuh0i4qERmahvwCHxERERERERlKFHD0uotKSOYY9GGWw2DLln/Id/oI
rmMiRXddUMp1UembgtofGM2Q7U4Tld1jqLJcu10X8EO/1KyIiIiIiMhGQQFHF55N7baUiyn6MjvF
ld3VymxUcM/NseeWzUmXGhf3egyDxlwyI8g8YRP7XRIRERERERksevrKqaCLysbIF8zg6CzXRSVg
FRTKLGCWfHV+uctshsKlKYVtYuHqL7yjfmtsFtQfqey+1eNFioiIiIiIDC2bzpN8OSW7qGw6t8VR
PJGiMOwwMzwOj+tmRkaZ45bbvrC+iUUFXx0fhMOYkHkNnJVsxDLUuXKTVMrv0en73M9a3iIiIiIi
IlKpTedJvkf930VlqMtNkCicZRD6KVDoWxcVcDhmNBlWhzU4+qYOEx0REREREZEhQAFHTlEXlTqs
+9BL5bqodCfpoBIwC5RcXpFd2tK5hkelXVQMD5bhzm8dvkl9Fp05hR0iIiIiIiIVU8BRsotKJesK
cu1G4my3j/pklO6i0p2kg4rHua6BhRVtU0la4ul8v50ZENGcXsVEB7hc4ddUz8cbYsrVN6mEKnOI
iIiIiIhUTgFHF5V2UXEYPv8liZ4jjc6P7V0riSazSAzwPH/+gTTk265m+mmUA6e/lvyIiIiIiIhI
9/RknpPvouLKdlFJlmbEmMU4F1U+S6FOVdtFxczy96PUTJCuXVTKnDdbkiPl0njXztunjQSLiOpk
SkPuXhk9BRxW8CUiIiIiIiJ9oYCjSxeVFOVuSxJoRDi3cRS+LFyeUvL9KruoOAcZwHBYueDHlQo5
ut5vc0YgojGkueHT29Di4uxWueMO3c8gd68cPS1RcQVfOYWBx8YbnomIiIiIiPQ3BRx5m14XlZz+
e4x2RGY83D4FZ2XuYZnZMaWOlSxeibC4gQXf34+MS14Hj2NjLT6q2RwiIiIiIiK9oYAjp8ouKj12
EqkT3qovhNndtTuMd//wbwQau+xXsotK+bMAyRKPjDdaLMPCHxyJ9xEQ9IsrIiIiIiIiRfSc2Osu
KgGHlewkUk8cxfUyKgk7uuuikvbQBrRFTdl6HL7E3SkMkzLFrxWNDLwFIvO4YEzMLOG1Hx4Ezmc/
qYhcbDKUWL4oanH7WxEREREREamdofZsOARU2kWl/uX6lxQWEO1r14/IIG2wzw/uIbhAUqa08/3M
PfRHdIRJ5YKAgjayFjGO1bx+4WFELhm9xwiuoW+D7m+WLVRrm87vkoiIiIiIyGDT01dOBV1UNkax
T2ZdQDJ7ozDsqLaLCoAjIgJeXA/raMFw+LL1OJIZHonO23QsUel4xZPJwITMSlb8YF828wGcIyJd
2eAGSOWdddRFRUREREREpL9sOk/y5VTRRWVjVNhJJbji5SrVdlExM5wlnVQA3vq9+7CUI53qpuOJ
eZJwo/wSldxcE+fSRNZObIHmOMPC77+Vf511eLLMxkXZPTo+v6o+xXxDk4hkWc1ALDsq1UWlcNmP
lreIiIiIiIhUatN5ku/RpttFpVbmx572aCxRpiMdcaFzUtJTkJBbouLAovzPsTMgw35jltJ6wR58
dp8WcKmCmh6VRhTZZSTmwFI4Sz5/20haAYuIiIiIiGwqFHDkVNlFZVNWrouKc8Whgg+Bqef+i7gh
CQschqt4OUbXJSrJzIoIR0QgQ+xSpFwD4Lj4+J1Y/729+MsZBzOWAD4iVPTbndQJiZzR4I0zj9yG
MUCDZXrcsz8EVz5OG5hZJCIiIiIiIhuH1GAPYNBlJwckqumikptVEJMrd1lvCpenVCPpolL64Tsu
+r6RdaGd215q593TPOkoTWO6idhVMkMmt0Ql930AF2O51/GYxcQu+74FzBvv2Gwdi360FxlrYEW7
53ePt/KTP8+lLXu9aZJUrwEw5zhmj0mc9t7dmD5mPY22AR8i3nPA9hzynX+D5a4mt4xmYKkyh4iI
iIiISOUUcHRRaVDh6jLUKKU/5wkUHyvGDN5/9VOs+uZepOKY2MVVnrEgWLCO+hTOdZ0LYlgy68E8
ETETG9s5Y/8mvvjWvRnh2miPGolJZp9EKUd7aKKZNBvcKpw5Ag7vMuw7bkW+w4zLjkFhg4iIiIiI
yNC2cTyh94cKuqgkSzNizOKkqGU3Mxnqhbfyszh600Wl8M45YowGzNqZev79pH2KTFTBTIiCiqbB
JTM3ktd8t/c897qZZQuPArThPaz1I4gtAnM458mERiJL04bhHMkyFTNiGkk7z34TkjFUs6imeoa3
pNWtiIiIiIiI9I0Cjiq6qCQP1xFuIypA6SjunOL72EWlcLPk+6SFa6vBmdcvBNdE2ntiT/nooCBN
8ebBGpPQybVjxBjFNVLyRzFLOsFkgw5nET6kSAGNliayQGQObx4f4vyFR5bMxTHncC5DFAK3fOOg
bN5lRDWb6FSqi0phXZP6Ds9EREREREQGkgKOvE2vi0puGUZhIc9Qk2dqhzm48omlvJoeRkSaKE5h
FdXiKOyikgsaOgaZW0aSC2A6BzSdFc9EcWX/AxgW1jAsJDvEfmAKjoqIiIiIiEjvKeDIqbKLSrlO
IvUm9pDJXrq3zgFAaclMjWTxSnddVAr2yIYTEbt8925W+BHJPbbyM2FysztKd1HxmLnsjIvc7BLD
mdHdZ2HZjiW5T9cFhyvXasU8t527T/a4ZQ/ZZ911UREREREREZHKKeAoenitpotKSNqeuo7Cl/Wo
sJNKcFT0MJ8EGT47/6FzWdFyMsnykmBs9Y3/sCoaASGQCjG4mLjTsp98txQr+Exc9hiEbLBhYEl9
EHNJ4JEbT+fZG848znx+xOZD/qv0RRq7T/I0Rqmq8ysjgMt+Kb4QEREREREZEAo48nI0R3RhAAAg
AElEQVRPsR7dlt6rJOoJPmLLb8xmddMYMhGkaSFl68ts3T+fRfAZzGWoJnCIQuCIXUaDb6zuZJYt
VGv6XRIRERERERkoevrKcYGeuqhsavraRaWcVMjQ7mDK1+4iQwueDM6KC3mWXqLSwcySNikl2sV2
6AgzggvZmh+VT8fwtPOHz+6CC+mK9wGq6KyjLioiIiIiIiL9RU/yVXRR2dgULk8p+X4fu6iUk8lu
m8EY9e37Wc1wYgeeDBBlx5ZbotJ1f5dtF0t2iUr5OMHnxx2FFD6kcN3U/SgUOyOmAW8ZhkUGvpmk
wkj53w1vgIspV9aj1JV07qLi8GAhWwBWwYeIiIiIiEilNo0n+Ypsel1UcgavgojDhQxTvnk/T7eO
JaaRpLZJ/93/4IsLp1Y6E8WZw0jhrJ05Fx2LD210F6UABJcsS7E+jt9cLvao39ouIiIiIiIiA00B
R06+i0q6oi4qGwtv3c/iKKX6Liplj0SGZCbGnhfew6f/+GrSktWi/MyLvixRcc4RF3QpyXVRqTTk
SFkGD0zyiwDwhG6rsDrLVHzsnFJdVMx1V6xVRERERERESlHA0aWLiuv8Yvc7WtyvMw4GmqP4mb2S
sKN3XVTKsWxQErj26TeYfO5c1jQNw1nSLQVLlseEwiDDWY9LVJxzEIxUgMgAcrMrknocPfFAcAY4
GkOGj+y7dfbV0jfIAalsSOb7WMMlinNFTfWfp4iIiIiISKX0BJWTf8qvtPOFIykPmXzVo1yUUzhL
otyMiWqO2VsR0GqOiec8wi+fbCDjU0SWrc1h2bawFTLX+Voy4DI4F5JPq4oQIjjPTz88heCs7AQO
c55htg5n9DHwsqRtbnLmPhxHRERERERk01KfT+Y1ke2ikmvxWYKZYRZjFuNclMxkqLhjxtAUe8hk
L9db8fKNWnVRKclyy0cisHa++KfHmfSNR3khHkscNRJZjLns0c0lS1Qo3bEkuCS4sfx0FANnWDad
cCFbfLTk52wFXwXH9MZYDCvzeTdbIE0mH6zEBGJ66trStYuKYcR4NkC264uIiIiIiIhUQgFHl+fV
8l1UkkAjwrnKOnHUg8JOKsEVL1epVReVcgKAZbLfZdgQAjO+/S82+9bDLGuYgDeIXIrYRfk6KWad
IgSzfF0Rbz4bzDiwCB+i/GvmQ7Y1cGdJec+QvWbLdnUZlnHc/uNjwEdFW+IcHs+2oxuJrIF0lAEL
RHiiEkt4Sp2rcBsjkI6Gg++23IeIiIiIiIh0ooAjb9PtojLUtaZhi6/fxfhvzOGB5Y0EUiTdVlKY
y5Aq7MvaaYaF7/RRVp4ZJC1hI0vjzeN9KztHy3CWKTiWx5kRvHHzhe/Hk8HHnabBVMm5iODa8KFP
hxERERER+f/Zu/MwS8rCXvzfOqd7ZmBg2BcVQRRZREVEQBFBrpgImh8uUaNGURHRuN1EFLeIAnpd
QHNjXKJGZTMRlxBc0IAYxA29QBTCpuw7wzYMMMx0n6rfH6fPoc9090w3s77D5+NT2lXnPVVvLePz
1Pe8CzziCDh6ZjiLStM0SVMnTZ2p5/FYN628WVSWr0rSSTup6yxKst8Jv8pGH/xVXvq1m3PvrHlp
Oq3UrbrbqaSqJowh0ss+qrHcock0W0ZUdUZa7VRpsmRWk9+PbpMnvufXqcZ3a6nqNBlKu2nlMUuu
SqfqpD3DAUYnzKJSN7nsjrndvx9ZjxUAAMAKGVrTFVjjuhNljJnJLCpjr6VVuz8eRGnGd0+ZiW6Q
MXmUsbKnN216e216XViSTpOc+cf52frvfpoqdTZNctHnX5H177sl6y9ZlKFWlU6rTj1rOPVoJ6mS
VlUn6Y3j0e7f4rpqZaiqU3eatIaH04wmI0MjeaC1eX53w6K8+pO/yX3dOVXGalQPVK5KnW1adYbr
OiNjQ7is0LgsrSof/NKF/e5CZT5ZAAAAq5+Ao2dgFpVHlpXZ6mL19qqoU1dV7qiG8ti3nZa0hjKr
Hs1wleyz06b56/12zh6P2yBbr9ek3YymSm9K31Y61VCaVOlUQ/n9rYvyyz+O5Jtn/iY3LkoWVUkr
s9OpF2d5z0NT1bnwc8/PSL04yYNTjOsxfU0zkt9dvSDttNOpOhIOAACAaRJw9I2bRWU1v6avSb0B
OSc75d4sKr2/p3NVVmc81FRJu2nSyUhStVPVnSxJlZGmyVmX35WzLj8/3bE6Wt1bWzcP9VWpkqQZ
a6/TayrRO8N2Os3iJGODmVaZcliWJ6yfrNe5p1ufVrfZRdM0qTKdgWjH0otxF3a0NTcPViPdT4Qb
AAAA0/bIa66wtBnMorIuqjI4JsX4LiurexaVGWvGusQ0SZpON6jI+Dp00pt4tanHBo9tmrH/7f7d
DEzDMjY9bH8g0bEWFOPCjSpJWlWqDGUoyUWf2i9VOmmqke4e6qSa9uigVTdiaaq063Za6eSqBZv1
ZrXNIyloAwAAWFGPnDf55XrkzaLSa5gwfmDOpQfpZFCTpFU3aVqj+erbnp31mgfSTiutzOqHQM0M
5ndtj416WrdGU7eqvOrvz0hTDYs2AAAAZkjA0TPDWVTWFXUrGR079dY0Zzhtei0flrIqZlFZ+7RS
V1Uek+Qvn7QkoxnKklZv6tqMjfExw4CsqVI1Q0k9K398YChVMzIWNOmjAgAAMF0CjiZJ00orVZqq
O4tKM+lAka0MdhkY+7vpDlzZauruC/7YO+lou17rX0+rtNI0Q2mqbsuNplWllSZVlVRNK+2qSdN0
W7Q0TdI0VZqm0z3PqtV9eJoqVdPpDq5Z1albnaQamuYYFOWo+v9J5qTJ5f+wV6qxbi/dAUxHxz0d
M/tnNVQnVdPJra1tk2rU+BsAAAAPg4Cj1X3R77S6rTa6LRiqVKkfWpqkaupUTTO2rTs4ZXdWjq6q
aXU/b5pU9VCqdNb6V/x6LI1pNd3OKk3TGWud0Q08OlUv1GnloTfubrDRNElnbEDWuhf+NK00aSVN
Jyt/wtg1qZUqTZrWcIZSZ/7/fU7aTZOqGfzn02R6LWAeKt3VGRvb9ilv+la3SQ0AAAAzVi1ZsqT/
pjVr1qw1WZc1o+p2zWi3M6138qXbcEz2Q3un2zYinapKPUlXjrVGeyjrdUazJINJ1/hznKz2vUlX
JivXTvJghpKMLv21wg1luNXJPSfslbQ7aaXOSDWc4XHjbTRV0oydd6vqxlt1NTH0qKrek9MkaaVu
Vbm3npftjjgro5nmgwgAAPAItWTJkkm3mya2GRtoc6W+UzZjs3usxeFGknRGs6j350raZXcukdUQ
blQPzf4yeJVbWVmDxFZJmrEwYqNqNDf9373TpJOqSeq00m46SbV0i4sp5tydUKpKKyNpmjlp1yN5
2XHnZ7TK2v/MAAAArKW0h6dMYwOidqOEdtIf5HMlBQRVd6+p2nnJLlvlxn/cqzvVbL2ywpMmdeak
qZbkwdYGOf/G+9NuktYjZAYfAACAlU0LDsrVtDKcOk/eak4uuP3+VE2rO0Dsysg4mm76d/U/7Jt5
zcI0dZ206swaTUZX0uAq7ToZrdp59t/9Kk3VGWv1s3L2DQAA8Egj4KAgVdrdTiJJuq0dbv/0c9Ie
vSeLmvWz93EX5JoH6jRVuzvQ6dhQF9XYd3vpQdPrxtL/vDdsbJ1WVWVW0+S8z7wsTxq6Pq16Qeqq
1e060lT9KXUnrd00p9nt1qHKaHskI+0Nctl9o4INAACAFWSQUcpSJclQWs1obj/heVl/yYJUrSap
hjLUWZQHWuvli795IB/594vTSTKSdn/mm7rfI6ueMEDq7CTP2WWr/OvfPDnrjd6f0Xad4d4UuWkN
jqpRjZsQtjWYeNTVSJJquYOMdkfqGM3WR1yY+6oqjbE3AAAApmWqQUYFHBSlSqvbcuP4fbPJ6MLc
35qddkbTHm2nrjoZac1K1STtakmadrKwmpur7puVn11yS/7r15f2h9B48hO2yEsP2DOPnZdsNOuB
zOosTKtKhjutdFojqdNO1aqTjM3hOm62lKkCjhnNolLVOevqOXnJJ36VbogCAADAdAg4KFR3yt06
7SRNhlJn/ieelfXqB1K3Jvaw6oYHVapxg3VWY4FEU43Nr1LV3dCh6U52W7UmjxeqKulUvVos9cGY
iQHH8ltwtKo6i1tzs8kR5yX1UKqMphFxAAAATMtUAYdZVFjLNd0OJVWTdurM/9S+mVWPpMnw5KX7
XT2mORjGMtRjs7Ss+J4eUtXtpK6y7eE/T5omVZqxMUEAAABYEd6sKECVdlPnjo8/MxvUi8dadCzv
0V12LFHVrbH0YvVNy9o0rTTDS3Lol67IwipJ006T0bS686cAAACwAgQcrIXGmk6kStLKcFXnjo8/
O+t1RlLXdaoqaVfLDgWaZELLiFadNK16oNRU8cb47VP0YJmWJt1go06TKiP5wz2b5dt/6E5pm7Fg
Y/VFLAAAAOsuAQdroSZVM5RUTYaS3PmxvTKreTCd1tiEr8sKHPrjYzTTaJ1RrfJ/AENNUlV1hpvk
rszLc95zdqqmNuYGAADASibgYK3TG/9zdiu549hnZaip02rqNNXidNJJk+70rRO/WKXu5RtVPXmZ
8cXrqttVZRXqVFXaTSf3t+Zlu7f+19jAqEMr1iwEAACACSZOQwFrTHdIzyZNZlejueu4fdOuF3Wn
Xq2atOuh/qwlk8UDVcZyg6pXYuoQYXxXlWqS8Tpa6bYUqas8FJosr/bNWLeYqk5dtZNqSdIM5f72
ltnyrT9JO1VG65FuYf1SAAAAViotOFhrVGmSqko7TW49bq+06pG0Op2kaWU6j2rdrNxWEdMNNiZ8
L+20m9GkGc6ibJCtjvjPpK4yusy+NQAAAKwIAQdrhW63lHZmN53c+bE9M6tanDSjGW2NhRtNO0nS
TNFFpUlSVStzQtexejXT703SVN06DKfKklaVW2Y9IZu/9Zy0Uqduknaz8usHAABAl4CDtUKTZLjp
5K6PPytzmsXppJ123UqraT1UYmzQ0CrtLN27qtsrpZnQ2WRCo4mx/VV1q//3ZGbeg6RJmqFUdZ1O
u8kJZ96ZJx72r0naGWm6e+wYWBQAAGCVMQYHa48qWdKalQ1H70mT4Yy0R9Kqh7OssTSWVtdNWu2H
Yo661Z1YZdLeIcudZWUmqoy0WhnuzMkOb/tVbmuqNFWTVtMx3AYAAMBqoAUHa43RZiibve+8fOWy
4bTq0TRVk6Y1MmnZpmnGkotqIP5YupdKp5q8Ncb4QUZXljubTTPvHb/KrXU7qZukaaWu/BMDAABY
HaolS5b03w9nzZq1JusCY6rMS5MrP/HczBtZlFZrJHXTTpVOqladqukGF2m1J/92q5VU3XE6qqbd
H5ujapKRVvrdWJoqSVVPOnZHnaRqdb9TZfyAo01SDfVKpNVupdPMyk7vPC83N1U3eAEAAGCVWbJk
yaTbBRyslaqqnaZqsteW6+Wsdz01640+kE41lKrVSadKqqaVtCYftLPq5x51qqY1dcAx1opjRgFH
UyWtOnVmpdW08r7vXZ8v/vymdJpuPxgBBwAAwKol4KAo7XRDhibDGRoeyd4brpez379LRpfUGWpV
aZbR9aPV/6iVpJ404BjfRWUmAUeTJK3hHP+LhfnYt/8nqZPRtNJKnc6KnjQAAADLJeBgHVDlCcNN
fnnswdlk9NZkKFlStTPUdNI0Sd1qpdV0g4le+SqDXVCasTE5mlbdnVo23YCjarqfdf8xNGmqJmlV
aeqknVaappUHZ83O4Z+/KKdfdl/SJPVYgAIAAMDqI+BgndGq2mk1dd6211Y5+mU7ZU5zX3pjYlRN
t4tKpxpOq6n7AUczrgVGk8GAo6mqpN8Ko8pQ00mn1Z2MdlF7w5z53/Nz2NcuzeIqqeoqdTWUqhlJ
I+AAAABY7QQcrAOqtNOkU1Vpj411MTb0Rbaukn//2Muy3dBt2aD1YNp1nU41nHYzmlTVuEFCu8YH
HK2x/x5pDaed0Vzb2Tqv+OgZuereZPFY6466qlI13ZYdVTOTiWsBAABYmQQcPIJUGU6TDZM85bGz
svsTt82Oj5mXucMjWW+9OVm06MEsqofyp9tHc/FV1+aCKxZmYZUsrtpJbSQNAACAtZmAg0eIbpOO
VtVK3TSpqiR1tzNJJ0OpWlWasRCjlSRVnbppJdVYVxNNMwAAANZqUwUcQ6u5HrCKdbuQ1E23A0rT
dMfm6KRKMppm3JAZdbd49y/BBgAAQNEEHKxzmv5/N+O2SDAAAADWZa3lFwEAAABYuwk4AAAAgOIJ
OAAAAIDiCTgAAACA4gk4AAAAgOIJOAAAAIDiCTgAAACA4gk4AAAAgOIJOAAAAIDiCTgAAACA4gk4
AAAAgOIJOAAAAIDiCTgAAACA4gk4AAAAgOINrekKTEdVVWmaZsLfyyrfKze+bFVVSbLc7ydJq9VK
0zSTHm+y7y9dx+keZ7Lj1nU97fK9c62qKnPmzMkHP/jBPO5xj0uSnH322Tn55JMzOjra33en05m0
ztOtz/hz612j3vpU9Rv/+XSOmSRDQ0P9ei+9v6nuy1THn86xx3+29957553vfGf/un7jG9/IT37y
k36Z8ddkps/m8uqaTLyW4/c7NDTUv4fTuea9e7Qi9QIAACjCkiVLmt6SZK1d6rpuejqdzjLLHnbY
YU1d101d1xM+q6qqmY5LL720X7537Lqum+Hh4UmP2SvXW6qqak477bRpHWu8M888c0bXpdVqNXVd
N6OjowP17F2n8etVVQ18t/f58ix9zJ7x5zpV/ebMmdM//kzOayqdTmfgWZjJfpZVbscddxy4fktf
y55FixZNON/JjnHyySdP69qO97Of/WzSazn+me3VrdVqrZTztlgsFovFYrFYLJbSlvE5xvilmC4q
43+Vbpomm2222ZRlW61W/9f3pTXT/CW7Gdcyod1u9+vw4IMPTlp+99137x9z4cKFM/zFvO4vM/ne
pz71qYyOjqaqqrE61mmaTqqq6f9636v36aef3l/vWXp9pnrne+ihhy633GR/T99D16d3b5umSZ0m
o3Unxxx37JT77TSjqdNJk6lbxdT1aK644rJ0s4VMeHZ6rTXqus566603o5r36lmnSZNm3Lk0E8qM
jo5Oev+f85znrLRWIgAAAOusUlpwTPZr+lQtBw4//PBl/nrdc80110zr2FVVNQ888ED/+Mccc0z/
2L1f0pvmodYFy2rRcPDBB/eP/4pXvOJhX48jjzxy4FrUdd0MDQ1NqPe22247aUuW8ddhpr/yL33c
3v4nO+85c+YMHGNZ12Z5dauqqmm1Ws0uu+zS1HU90ALl05/+9KT7X9Y5VlXVPPjggwNlfv7zn/eP
0ytTVVVz4IEHNp1OZ9L6T/c6Pve5z+2Xe81rXjOt5y5J/xr3nq+6rpsXvOAFM75+FovFYrFYLBaL
xbIuLMW34Ei6v17fd999SZKmaXLyySevtuOuv/76/dYjH/rQhwZaeFx++eWp627rgj333HOV/8Je
VVU+/elP99ePOeaYCeNr9Op20003ZWho1Qy1ctFFF/VbO3Q6nVVw3oNjf/Su/+WXX56hoaHstdde
/c+PPPLIGbdIOeiggzJ79uz++vDwcPbbb79ui4qlxh05++yzV9l1nEozbgyNqqpyyCGHpJdXnHnm
mau1LgAAAGu7ogKOpmkyb968/gvfq1/96tVy3N7L7i677NJ/iV+wYEFarVaGh4ez0047pdVqZdGi
RbnwwgtXeX3uvPPO/t/33ntvjj766Cm7LnQ6nRkNWjodzViXin322Wdg3xtvvPFKPMpgnccHSr0A
4oILLsh11103Voc6l1122bS7wFRVlR/84Af99de+9rUTAqLe8Xrn2Dv26nTuuef2Q44f/OAH+chH
PjJ2rzsr3MUIAABgXVLUG1Lv5fWQQw7pbxsZGVltL3pXXnll7r///lRVlXnz5mXTTTfN4sWLk3Rf
fnutPFa1jTbaaMLfq/PFu6qqtFJlaGgoj3rUo/otDe6+++6VeJRWd1nOaW2//fZjz0UrO+6444yu
w/gw5JRTTlkrx7bYd999kzzUmuO4445LUqWq2jn//PMf5pgmAAAA656iAo4k/V+ye4aGhrLffvut
tuOPb6Vw++239/9+3vOet9rqsLb8ct9utzN//vyBgVe/8pWvrLT9N0mynPf3pV/wp/vCv/POO/eO
kPnz58+8cqvB+Gftve9974QWJHvssceaqBYAAMBaae14U56mpmmy3nrrpWmaDA8P97efc845M95X
XdfZbrvt+i+NSy9ThQh1XeeZz3xmv5tMz7nnnjvzE5qhqWb3WNr4WWTGL1OdU9N0ZyPpNHXqpa7D
WWedNWV9tt566yTJ3Llz+/t542GH9eu6Ih6adWTZlm51sfQ16TT12L4G7b//c7pHaZIf//jHA5+N
n31msgBlqtl5VnYLkFtuuaW/zxNOOKH/zB027hr3rj0AAMAjXVEBR1VV2WCDDZJ0x5a4+OKL+y99
8+fPn1HLhuW9gC9r3IqbbrppYH3BggWrravA+LEoppwadWzcjcmWyfS6nLRSTWgwsaxrusMOO/Rf
7N/4xjd2y1fVShnzo1ef5RkfKkx2TdpVa9Lz2m233ZO0U1XJXXfdNfBZXddZsmRJ/5qND3x660ub
Kvh4uKqqypw5c1ItdT2bpsnXvva1fh3mz5+vmwoAAEAKCzjGq6oqu+22W/+Fc/PNN5/Ri3VVVbnu
uusmbemwrJfVqqpyww03DAQNG264YbbccsuVcl7L0263B+qyskzV6uPAAw+c1vdPPPHEfn3qus4z
nvGMlVa3ZRl/r2ZyPS6++OJ+q47ddtttFdRsxeyyyy79v3fdddcJn/eevzlz5qyVY4cAAACsbsUG
HHVdp6qq/iCT42e7uOiii1Z4/1O9NF577bVJuoHAJpts0u/6sXSrjlWld45TvdSP747SarWWGfpM
58V4sjK9WVSW1nvZrqoqv/nNb9JqtTI6OrpKX8DHzx7TeyYG1eOWh/zkP3/SPYcmefrTnz7wWavV
yuzZs/vXsDeLyVSmf37NuLpM/Z2qqnLJJZekU3e711xy6f+kbgZbkvTOs2maKcKk8ccCAABY9xUb
cCTdl7tea4rei/2xxx6bCy64YJW8VM+dOzfbbLNN6rrO3XffnXvuuScvf/nL+8e/4YYbVml3gd7L
7WTTmY4vM/5/l1Wfh1vXXpeW8eq6zuLFi3PllVf2Q4FrrrlmlUxTO95OO+00oZvKoNa45SFXX3V1
2qmSKtlwww0njG2y9Jgs/c8neaymfx2rcXVZ9neqqkq71e1e064mdrLpBTtN0+R3v/vdJHUYfywA
AIB13zrx9jO+28aHPvShJCu3+0bS/VV/4cKF/b833XTTJMn3vve9fpltttkm66+//ko97mTGz/qx
YMGCVX68mdh55537IcNjH/vYNE0zcH9Wpqqqcumll/bv9WGHHTajYGt8CPTXf/3Xyy+fLHdWl5Xh
7LPP7h6vabLrrrsusxtVr5WObioAAMAj3ToRcCTJKaeckqT76/uq6BZx7rnn9l8oX//61/e313Wd
2bNn918yFy5cuMoHfXz0ox/d/3vDDTfMqaeeuspChJmqqio77bRTOp1Of4DMlX0vei/347vrNE2T
k046acK1n2oWlaZpctBBB/XXTzrppGy00UZTz54zzVldVoYDDjig//fll18+ZbkXvehF/Rl/fvaz
nw18VqfpLwAAAI8E60TA0TRNXvva1yZJv3vE8kKG5U3rOf77VVVl3333TdKdoeTEE08cKDsyMpKb
brqp/+J9zTXXPNxTmbbjjjsuo6OjSZJXvepVGRkZySGHHNKvd6vVytZbb90vszxTvdjPZGaapHtd
//SnP/XHrVgZs4sMDQ2lqqrstddeOeWUU/oznCQPdScZGhqaNEyZahaVpNtSYnR0tL+ve+65JwsX
Lswmm2zSL1NVVV72spelajKtWV1WRKvV6s8SlCQPPPDAMrv3/PCHP+xf2/33339wX71ZaOqpZ9sB
AABYlwyt6QqsTHPnzs39998/rbK9AUqnCjkuu+yyPOlJT0oyOGXsnDlzJi2/3Xbb9cttu+22abfb
yxwrY0U0TZO///u/z1Oe8pSBUOP000+f1tgbkxkdHV3mzDEzrd/yBuacnjpJK4sXL54QtIwPT9rt
9sM6Vl3XGR4ezqJFi/r3db311stdd93V3//4MTiWNTXvylDXde64444k3fPbZpttljtQbE9VVZk9
e3YWL148sH153xd+AAAA64p1ogVHzwMPPNB/QVxRvZf0d73rXf2X5wsvvHCZocWee+7ZL7uswGBl
qKoqL37xizM8PJwHH3xwYPv44/Ze0I8//vhltsYYPytHr2vDisYTp5122gp8+6GX8vH17r2sX3fd
dZkzZ840gpTJZ1FJHhqDY7311pswE8n4WWp6IUFVVXnDG94w41Ytk5mszr2QonfsBQsWLDec2HOv
PTNad9Jp6tw+//ZpPHPTm8kFAACgNNWSJUv6bzmzZs1ak3VhJVg63Bg/jSrLt3Rg0uvuNN2uPgAA
AKxaS5YsmXT7OtVFhclbBvDw9Kbk1Y0DAABg7SfgWMcJPGZmsi4hriEAAMDab50agwMAAAB4ZBJw
AAAAAMUTcAAAAADFE3AAAAAAxRNwAAAAAMUTcAAAAADFE3AAAAAAxRNwAAAAAMUTcAAAAADFE3AA
AAAAxRNwAAAAAMUTcAAAAADFE3AAAAAAxRNwAAAAAMUTcAAAAADFE3AAAAAAxRNwAAAAAMUTcAAA
AADFE3AAAAAAxRNwAAAAAMUTcAAAAADFE3AAAAAAxRNwAAAAAMUTcAAAAADFE3AAAAAAxRNwAAAA
AMUTcAAAAADFE3AAAAAAxRNwAAAAAMUTcAAAAADFE3AAAAAAxRNwAAAAAMUTcAAAAADFE3AAAAAA
xRNwAAAAAMUTcAAAAADFE3AAAAAAxRNwAAAAAMUTcAAAAADFE3AAAAAAxRNwANqeSlYAACAASURB
VAAAAMUTcAAAAADFE3AAAAAAxRNwAAAAAMUTcAAAAADFE3AAAAAAxRNwAAAAAMUTcAAAAADFE3AA
AAAAxRNwAAAAAMUTcAAAAADFE3AAAAAAxRNwAAAAAMUTcAAAAADFE3AAAAAAxRNwAAAAAMUTcAAA
AADFE3AAAAAAxRNwAAAAAMUTcAAAAADFE3AAAAAAxRNwAAAAAMUTcAAAAADFE3AAAAAAxRNwAAAA
AMUTcAAAAADFE3AAAAAAxRNwAAAAAMUTcAAAAADFE3AAAAAAxRNwAAAAAMUTcAAAAADFE3AAAAAA
xRNwAAAAAMUTcAAAAADFE3AAAAAAxRNwAAAAAMUTcAAAAADFE3AAAAAAxRsav7JkyZI1VQ8AAACA
h00LDgAAAKB4Ag4AAACgeAIOAAAAoHgCDgAAAKB4Ag4AAACgeAIOAAAAoHgCDgAAAKB4Ag4AAACg
eAIOAAAAoHgCDgAAAKB4Ag4AAACgeAIOAAAAoHgCDgAAAKB4Ag4AAACgeAIOAAAAoHgCDgAAAKB4
Ag4AAACgeAIOAAAAoHgCDgAAAKB4Ag4AAACgeAIOAAAAoHgCDgAAAKB4Ag4AAACgeAIOAAAAoHgC
DgAAAKB4Ag4AAACgeAIOAAAAoHgCDgAAAKB4Ag4AAACgeAIOAAAAoHgCDgAAAKB4Ag4AAACgeAIO
AAAAoHgCDgAAAKB4Ag4AAACgeAIOAAAAoHgCDgAAAKB4Ag4AAACgeAIOAAAAoHgCDgAAAKB4Ag4A
AACgeAIOAAAAoHgCDgAAAKB4Ag4AAACgeAIOAAAAoHgCDgAAAKB4Ag4AAACgeAIOAAAAoHgCDgAA
AKB4Ag4AAACgeAIOAAAAoHgCDgAAAKB4Ag4AAACgeAIOAAAAoHgCDgAAAKB4Ag4AAACgeAIOAAAA
oHgCDgAAAKB4Ag4AAACgeAIOAAAAoHgCDgAAAKB4Ag4AAACgeAIOAAAAoHgCDgAAAKB4Ag4AAACg
eAIOAAAAoHgCDgAAAKB4Ag4AAACgeAIOAAAAoHgCDgAAAKB4Ag4AAACgeAIOAAAAoHgCDgAAAKB4
Ag4AAACgeAIOAAAAoHgCDgAAAKB4Ag4AAACgeAIOAAAAoHgCDgAAAKB4Ag4AAACgeAIOAAAAoHgC
DgAAAKB4Ag4AAACgeAIOAAAAoHgCDgAAAKB4Ag4AAACgeAIOAAAAoHgCDgAAAKB4Ag4AAACgeAIO
AAAAoHgCDgAAAKB4Ag4AAACgeAIOAAAAoHgCDgAAAKB4Ag4AAACgeAIOAAAAoHgCDgAAAKB4Ag4A
AACgeAIOAAAAoHgCDgAAAKB4Ag4AAACgeAIOAAAAoHgCDgAAAKB4Ag4AAACgeAIOAAAAoHgCDgAA
AKB4Ag4AAACgeAIOAAAAoHgCDgAAAKB4Ag4AAACgeAIOAAAAoHgCDgAAAKB4Ag4AAACgeAIOAAAA
oHgCDgAAAKB4Ag4AAACgeAIOAAAAoHgCDgAAAKB4Ag4AAACgeAIOAAAAoHgCDgAAAKB4Ag4AAACg
eAIOAAAAoHgCDgAAAKB4Ag4AAACgeAIOAAAAoHgCDgAAAKB4Ag4AAACgeAIOAAAAoHgCDgAAAKB4
Ag4AAACgeAIOAAAAoHgCDgAAAKB4Ag4AAACgeAIOAAAAoHgCDgAAAKB4Ag4AAACgeAIOAAAAoHgC
DgAAAKB4Ag4AAACgeAIOAAAAoHgCDgAAAKB4Ag4AAACgeAIOAAAAoHgCDgAAAKB4Ag4AAACgeAIO
AAAAoHgCDgAAAKB4Ag4AAACgeAIOAAAAoHgCDgAAAKB4Ag4AAACgeAIOAAAAoHgCDgAAAKB4Ag4A
AACgeAIOAAAAoHgCDgAAAKB4Ag4AAACgeAIOAAAAoHgCDgAAAKB4Ag4AAACgeAIOAAAAoHgCDgAA
AKB4Ag4AAACgeAIOAAAAoHgCDgAAAKB4Ag4AAACgeAIOAAAAoHgCDgAAAKB4Ag4AAACgeAIOAAAA
oHgCDgAAAKB4Ag4AAACgeAIOAAAAoHgCDgAAAKB4Ag4AAACgeAIOAAAAoHgCDgAAAKB4Ag4AAACg
eAIOAAAAoHgCDgAAAKB4Ag4AAACgeAIOAAAAoHgCDgAAAKB4Ag4AAACgeAIOAAAAoHgCDgAAAKB4
Ag4AAACgeAIOAAAAoHgCDgAAAKB4Ag4AAACgeAIOAAAAoHgCDgAAAKB4Ag4AAACgeAIOAAAAoHgC
DgAAAKB4Ag4AAACgeAIOAAAAoHgCDgAAAKB4Ag4AAACgeAIOAAAAoHgCDgAAAKB4Ag4AAACgeAIO
AAAAoHgCDgAAAKB4Ag4AAACgeAIOAAAAoHgCDgAAAKB4Ag4AAACgeAIOAAAAoHgCDgAAAKB4Ag4A
AACgeAIOAAAAoHgCDgAAAKB4Ag4AAACgeAIOAAAAoHgCDgAAAKB4Ag4AAACgeAIOAAAAoHgCDgAA
AKB4Ag4AAACgeAIOAAAAoHgCDgAAAKB4Ag4AAACgeAIOAAAAoHgCDgAAAKB4Ag4AAACgeAIOAAAA
oHgCDgAAAKB4Ag4AAACgeAIOAAAAoHgCDgAAAKB4Ag4AAACgeAIOAAAAoHgCDgAAAKB4Ag4AAACg
eAIOAAAAoHgCDgAAAKB4Ag4AAACgeAIOAAAAoHgCDgAAAKB4Ag4AAACgeAIOAAAAoHgCDgAAAKB4
Ag4AAACgeAIOAAAAoHgCDgAAAKB4Ag4AAACgeAIOAAAAoHgCDgAAAKB4Q2u6AtN111335Morr0qS
jIyO5Be/OD97PmP3bLDB3GnvY4MN5+bJu+68qqoIAAAArCHFBByXXnZF/r9DXrtC+3jhwQfm5JO+
sJJqBAAAAKwtigk4SnLFFX/KrbfN769vttkmWo4AAADAKiTgWAW+/Z0z8pnPfqm/fujrXpnPfubY
NVgjAAAAWLcVHXD8w2ePyy47P3Ha5efOnf54HQAAAEA5ig449nnWntlhh+3XdDUAAACANcw0sQAA
AEDxim7BsaJOP/1HA4OBHnzQgdl228dk8eLFOednv8g55/wiV119be677/48austs9deT8+LDzko
j3nMoybs63v//sPcfvsdSTIw/kaSnHjSt7LTTjv011/+l/9fNttsk0nrdO+9C3Puz3+d8877da65
9obcc8+CbL3VFtlhh8dn//2elX322SuzZg1PeU5n/vinue66G/vrz91/n+y88xNzxRV/yr996/T8
/g//k8UPLs7hb/rrvPjFB0/vQiU57dv/kbvuuqe/vvdeT8/uuz9lyvJf+ucTB9YPfN5+y2xtc889
C3L2T3+e88+/MFdfc13uuWdBttxi82y99ZbZe+898tz998nWW2857fquieu4Mp+nydR1nd/97r/z
q1//Lr//w//k9tu7x3r0o7bOLrvsmP33e1ae/vSnptWaOrf8/vd/kptuvrW//vzn758nPP5xue++
+3POOeflZ//1y1x3/Y1ZuPC+bLPNo7PPs/bMiw95QbbYYvOB/fzh4kvzk5/8LBdffGluufX2bDB3
/eyyy4454IB9c8Bz983QUHta57Si9wkAAKCnWrJkSbOmKzEdv/jl+ROmif3tb36yQl1UXvu6v8kP
f3R2f/173/l6Nt1sk7z7yKNzwQW/n/Q7G2wwN5//p0/mL170ZwPbX/XqI/KT//zZtI47Vb2/9+8/
zDHHHp/rr79pyu/uvffT838+/qE8bbcnT/r5O971gZx66nf661/64qczPDScv3n7UVm8eHF/+0eO
fk/e+Y7Dp1XfJHnxS16Xn5/3m/76P3z2uLzuta+Ysvymm+84sH7av301Bx6434RydV3n1FO/m6M/
+qncc8+CKfc3PDyU9x31rhzx5tdl/fXXW2Zd19R1XJnP09IuuOD3+cCHPp7f/e6iZZZ7wZ//rxzz
0aOm/Hdx+Jv/Lt/93g/66yed+PlsvPG8HPmej+TKK6+a9DtbbLF5vvqVz+Q5+z4z9913f4459vh8
9V9OnbIOzz9w/3zh85+aMsTrWRn3CQAAoEcXlXF+/JNz8tKXvX7Kl9Ekue+++/Omw/93/nDxpSvt
uHVd5+P/5x/ypsP/dpkve0ly/vkX5sUvOTS/+c0F09r3mT8+J2/5myMHXsqTLPNX/tXpYx//bN71
tx9cZriRJCMjozn2uBPytne8L4uXLJm0zNp2HVfW8/T97/8kB7/oVcsNN/rH/Ms35Oprrltu2ST5
xon/lpe/4k1ThhtJMn/+HTn09e/IxZdcljcf8e5lhhtJctbZ5+bd7zk6dV1P+vmqvE8AAMAj1yO6
i8rSvvyVk5N0f1U/5JCDss1jHpW77ro7Z/74nNx44839ciMjo/n857+Wf/7S8f1tL3jB/8pTn/qk
JMmnj//8hH2/58i39f/eaKMNBz475dTv5PgTvjCwbbvttsmLDzk4G288L9dee0NO+/YZWbRoUZJu
s/43v+Xd+enZ380Wm2+2zHP6j/84c9Lt7bUg4DjnnPPy2X/454FtL33JC3PIIQdls802yZ133JXv
/vsPc8YZP+5//h//cWaevvtT8o63v2nC/ta267giz1PPFVf8KW9+y5EZGRntb3vCEx6XN77h1dl+
+22z+MHFOe8X5+drX/9m//Mbb7w57z3qmHzntH9Z5jkl3XuQJI961FZ54cEHZrPNNs3Nt9ya73//
PwdCp3vuWZD9n3tIf/3Ju+6cAw7YN3PmzM6Vf7x6wvU544wf5/zfXphnPfMZE465Ku8TAADwyFV0
wHHeL36TO+64a1pln/GMp01rXIAXvfD5Of7TH8mWW27R3/bBD/xt3vo3782ZP/5pf9u3v3NGPv2p
ozNvXjesOPR1r+x/1ul0BsbhOPR1r8z73/euSY93/fU35f0f+NjAttcf+lc59pj3Ze7c9fvb/ve7
jsihr397/5f+G2+8OV/+8kn54Af+drnnlCSHvfE1+fM/OyBbbrV5mqbJhhtuMK3vrUonnfLtgfW3
v+2wfPQj701VVf1tL3rRn+Wjxxyff/zcV/rbPve5r+aNb3j1wPVZW6/jw32eev7la6cOtBrZc8/d
861//XI23nij/rZDDjkoz3zmHnnzEe/ubzvnnPPy+z/8T3Z76q7LPac3H/7a/P2H3j1wnd5/1Lvy
2kPfNmnrk49+5L15yxGvz/DwQ//38f/e+oYc8pJD+6FEkpx11rkTAo7VdZ8AAIBHnjX/M/4KePeR
R+fgF71qWsvSXQum8oXPf2rgZTRJ5s3bMEcd9Y4JZa+66toVPoeTTzlt4KVwjz12y8c/9oGBl72k
+wv3Ccd/dGDbiSd+K/ff/8Byj3Hi1z+XT3/q6Bx44H556lOelN2eumsev/12K1z3FdE0TX7+818P
bPvLv/yLgXAjSaqqyluOOHRg2x133pVrr71hYNvaeh1X9Hn6z7P+a2D9rUccOhBu9Lz0JS8cGMg2
SS677I/LrFvPsce8f8J12nrrLfO+906s4xZbbJ53vP1NA+FG0g0Q33TYawa2/fa3F074/uq4TwAA
wCNT0S04VrbtH7dtNthg7qSfLf3ymCQLFty7QscbGRnNiSd+a2Db2976hsyZM2fS8nvssVv22GO3
/q/qd9x5Vy655PLsvffTl3mcv/iLP1+heq4qrdZgmHHrrbfnqU950oRyW221RX5y5uB1evSjt+7/
vbZex5XxPP3XOacPrK+//voTyiTdsUCe8uRdcsUVf+pvu/XW25Zbx9mzZ08IK3p23XXnCdve8fbD
ptzXbrsNtha5/obB8TVW130CAAAemYpuwbGyvfrVL5vys9mzZk345XzRgw+u0PGuuPJPuePOwS42
++yz5zK/s9eeuw+sX3b5lStUhzWlqqoc8Nx9B7a996iP5qc//XlGRzsTyu655+4DyyabPHQv1tbr
uDKep4033mhgWdaUqbPnzB7c36LlP5+vfMUhU342Wfebxz1u22mXv+222wfW19b7BAAArBuKbsFx
4tc/lx13fMK0yq633uS/Eo+3dDP5pS3d4qCuV2yG3euuu3HCtm8s9Qv30i655PKB9dtvv2OZ5V/y
koNnXrHV5K1vef3AlKXXX39TXv7KN2XbbR+TFx78/Oz5jKdl992fmm23fcyErivjra3XcWU/T/fe
uzC//NVv84c/XJor/3hV7r57QRYsuDfN2Pf++/eXzLiOW2+95czKb7XFlJ9VGTyf8QOjJqvnPgEA
AI9cRQccu+yyY3bYYfs1XY2HbbIuCZ/45D/OaB8LF963zM932nFiV4i1xdOf/tScfNIX8ra3H5V7
713Y33799Tfli1/6Rr44tv603Z6c17zmZXnxIQdns802mbCfdf06Llq0KF/56ik5/oQv5L777l+p
+57pdMErMr3w6rhPAADAI1fRAUfpHnhg0fILLcfo6OjyC63FXnjwgXnKf52Rr3z15Jx40rcmfYH/
799fkv/+/SU5/oQv5Lhj35+XvfRFA5+vy9fx3nsX5vA3/13OOvvcCZ89bbcnZ6uttujPDvTDH529
uqs3I+vyfQIAANY8AccaNFm3mU9+4sMz2scTHr9mZ0NZGbbd9jE59pj35X1HvTMXXvSH/PKXv81Z
Z5+biy66eKDcbbfNz+Fv/rssXrwkr37VS/vb1+Xr+JnPfmkg3Nhgg7n5+HEfyIte9GcTxvB4x7s+
kFNP/c7qruK0rcv3CQAAWPMEHGvQpptuPLA+b96GOfR1r1zmQJLrsrlz189z9n1mnrPvM/O+o96Z
W265LT868+wcf8IXcttt8/vlPvKRT+UFf/6/+tdvXb2Od955d774pa8PbPvnLx2fg17wvDVUoxWz
rt4nAABg7WAWlTVo6QFS7713Yf7wh/9ZQ7VZttmzB2foGBkZWaH93Xvvwsyff0d/uf/+ByaUedSj
tsphb3xNzjj95IGpTO+4865cfPGl/fWSruNMXHLJZQMDdW666cZ5/oHPnbL8n/509eqo1sO2rt4n
AABg7SDgWAWWnvGjaSafHePx22+XJz1px4Ft//zlk6Ys33PnnXfn5ptvXbFKztCmmw4O7nnDDTdP
Wfauu+5Z7v6+/o1/zU677NNfPvPZL05Z9olPfHye/ey9B7aNn260pOs4E0sPyjlnzpz+eBuTOf/8
C1d1lVbIunqfAACAtYOAYxVYenrQG26cPAyoqipvf9ubBrZ993s/yBe++PUpX/puueW2vOnw/52/
etWbc8MNN62cCk/DzjsPziLy7e+cMWmQsXjJkhx73AnL3d8uuwy+6H77O9/P3XcvmLTsgw8+mKuv
vnZg22bjApeSruNMbLb5pgPrN998ay688A+Tlv3a1785YdvygoPVbV29TwAAwNqh6DE4PnrMp7P7
7k+ddvl58zbMmw57zSqsUdeWW24xsP6zn/0iX/7KyXnmM/dIkjxq6y2zxRabJ0le8uKD8s1vfje/
+OX5/fJ//+FP5IIL/5BDX/fKPHGH7dNut3Pb7fNz7rm/yj99/muZP/+OJMkr/urw/OCMUyedOnVl
23uvPQbWb7nltrzqNUfkvUe+Lds/frsseuDBXHXVNfna17+Zn5/3m+Xub//998lOO+2QK674U5Lk
xhtvzqGvf3s+/PfvztOe9pR+S4Xrr78pn/zUP+b66x96ud10042zxx67DeyvlOs4E7s+aadsvPFG
ueeeh4KfI956ZI756FHZ4+nd5/7qq6/PKad+O9/81+9N+P6DDy5ebXWdrnXxPgEAAGuHogOOH/7o
7BlNjfm03Z68WgKOvfbcfcK2973/2P7f3/3213LAAfsm6Y5t8bl//D956cten2uuvb5f5vTTf5TT
T//RMo/zvOc9Z8LAjavKXnvtnn2etWd+9evf9bf97ncX5eWvfNMyvjW12bNm5XP/9+M55CWHZtGi
7vShv/jl+fmzF7wim2+2aR63/ba56867c/U110347nHHfiAbbrjB4P4KuY4zsfHGG+Xv/vYt+fDR
n+xvu+qqa/Oav37rtL5/yy23raqqPWzr4n0CAADWDrqorAI77LB9jnjz66ZdfrvttskZ/3Fy9t/v
WdP+ztEfPjIfPfq9E8b7WFVarVY++5lj8+hHb73csu99z9vz3Oc+e7nlnvGMp+Vb//blbP+4bQe2
33HnXfl//++/J4Qbs2fPzmdOOCZ/9coXT7q/Eq7jTL3liNfnsDcuP5Q74IB9c9R73zGw7fzfXpi6
rldV1R62dfE+AQAAa56AYxU5+sNH5n1HvTMbbDB3wmet1sTL/pjHPCrfPu1rOfEb/5Q//7MDJt3n
vHkb5g2vf1XOO/f7edc735x2e+oBJ1eFJz7x8Tnzh/+aQ1/3ykk/3+85z8x3TvuXvO+od2bjjTea
1j73ffbeOes/v5Njj3lfnrzrzpOW2WKLzfPOdxyeX/z8+3n9oX+1zP2VcB1nYmionU998sM58Rv/
lGc98xkTPt9mm0fnk5/4cL55yhdz0EGD08feeOPN+f3v185ZSta1+wQAAKx51ZIlS9aukQjXMfff
/0D++Kers3DhfZm7/vp59KO3ztZbb7nc791994LcdPMtueeeBWm329l4o3l5/OO3mzBd65py770L
c9XV1+W+++7LBnPnZquttphW645laZomN998a+686+4sWHBvZs+alc023zTbbfvYZc4esixr+3Wc
qeuvvym33z4/Dy5enM032zQ77PD4h31t1ibr2n0CAABWPwEHAAAAUDxdVAAAAIDiCTgAAACA4gk4
AAAAgOIJOAAAAIDiCTgAAACA4gk4AAAAgOIJOAAAAIDiCTgAAACA4gk4AAAAgOIJOAAAAIDiCTgA
AACA4gk4AAAAgOIJOAAAAIDiCTgAAACA4gk4AAAAgOIJOAAAAIDiCTgAAACA4gk4AAAAgOIJOAAA
AIDiCTgAAACA4gk4AAAAgOIJOAAAAIDiCTgAAACA4gk4AAAAgOIJOAAAAIDiCTgAAACA4gk4AAAA
gOIJOAAAAIDiCTgAAACA4gk4AAAAgOIJOAAAAIDiCTgAAACA4gk4AAAAgOIJOAAAAIDiCTgAAACA
4gk4AAAAgOIJOAAAAIDiCTgAAACA4gk4AAAAgOIJOAAAAIDiCTgAAACA4gk4AAAAgOIJOAAAAIDi
CTgAAACA4gk4AAAAgOIJOAAAAIDiCTgAAACA4gk4AAAAgOIJOAAAAIDiCTgAAACA4gk4AAAAgOIJ
OAAAAIDiCTgAAACA4gk4AAAAgOIJOOD/Z+++o6yq7j2A/+7ACEhVQDEoiCJGJIpR1CgWiKJYAprY
Y40Re0lUrLFrfLYkxugzaqxJ7BVjRQWNqFGsGA3SFJAiwiBlZpi57w/f3My50y7N4Qyfz1p3hb3v
PufsOWfMWvs7Z+8NAABA6gk4AAAAgNQTcAAAAACpJ+AAAAAAUk/AAQAAAKRe88buwNKqrKyMkpKS
WLJkSTRr1iyKiooim802drcAAAAgtTKZTFRWVkZlZWUUFRVFu3btoqioKDKZTGN3rWCpCjiy2Wwu
4Fi4cGEu4AAAAACWXSaTiYqKiqioqIgWLVpE69atUzfeTlXAEfFtyFFaWhoLFy6MoqKiaN68eVRW
VjZ2twAAACC1ioqKcgFHNptN5UyJ1AUcmUwmWrRoEUVFRdGqVato1apVLFmypMGbn6bXagAAAGBF
qm/MnMlkori4OBYvXhwLFy6MTCaTurc3IlIacBQVFUWzZs2iuLg4iouLo6ioKCorK2s8MKEGAAAA
/FdtQUfV7IiqTzabTeV4OlUBR9UNzmQyuU9VqpTJZBIPqqGHkcaHBQAAAA1paIZD/ti5amydxrc2
qktVwJEvP+DIDy2EHAAAAKxOlibcqCpXja2rxtVpXH8jIsUBR/UHUD3kyG/T0DkAAACgqViWgCMi
OVMirWPlVL5/UsgNF24AAACwulnWsXBTCDhS/QZHIdNS0vpgAAAAYFnUNQ6u/rZGVbkpjZlTGXDk
LzYa8d8HI+AAAACAwlUfT3uDYxVQ/SGYngIAAMDqrLa1OKqPhatCjab0FkeTCTiq1DefqNC2AAAA
kEb501Cq11WXv1tKUxgfpz7gKOQhCDcAAABYHdS2zWt9W782pbFxagOO+kKLQtbhaEoPEQAAAJZG
9SkqTUVqA46I2reLrV5emsADAAAAmoL6govqU1iqr7+R9gVGI1IecOTLDzcKCT8AAACgqapvTY7q
QUhTGCOnOuCoK10SbgAAAEDdi4nWFmykfaxc1NgdWF61BRnCDQAAAFZn9Y2D6xo3p328nNo3OBp6
IA09TAAAAGiqqq+vUd93te24klapDTgaUvXALDQKAAAA346Tm9KuKfmaRMDR0Docwg0AAABWd7W9
tdGUxsepDzhqW/W10OkpTelBAgAAQG07pFQvVw85mtouKqlfZDRffXv3NoUHBgAAAHUp5I/6TWFB
0do0uYCjLvkPuSk+TAAAAFhdx79NJuCob3vY1eVhAgAAQF2a4taw1aV+DY6IpdsS1tQVAAAAmpra
tnutaw2O/PU3moom8wZHdUuzBodwAwAAgLRbmvFuU539kPqAo5AHYNFRAAAAmrq6xr2FjpvTLvUB
x7JqCg8PAAAAqludx7qrZcCxOj9wAAAAmrbVdcy7WgYcAAAAQNMi4AAAAABST8ABAAAApJ6AAwAA
AEg9AQcAAACQegIOAAAAIPUEHAAAAEDqCTgAAACA1BNwAAAAAKkn4AAAAABST8ABAAAApJ6AAwAA
AEg9AQcAAACQegIOAAAAIPUEHAAAAEDqCTgAAACA1BNwAAAAAKkn4AAAAABST8ABAAAApJ6AAwAA
AEg9AQcAAACQegIOAAAAIPUEHAAAAEDqCTgAAACA1BNwAAAAAKkn4AAAAABST8ABAAAApJ6AAwAA
AEg9AQcAAACQegIOAAAAIPUEHAAAAEDqCTgAAACA1BNwAAAAAKkn4AAAAABST8ABAAAApJ6AAwAA
AEg9AQcAAACQegIOAAAAIPUEHAAAAEDqCTgAAACA1BNwAAAAAKkn4AAA/k+izwAAIABJREFUAABS
T8ABAAAApJ6AAwAAAEg9AQcAAACQegIOAAAAIPUEHAAAAEDqCTgAAACA1BNwAAAAAKkn4AAAAABS
T8ABAAAApF7zxu4ArA4+/vjjGDZsWKJu1KhRjdQbAACApkfAAd+B0tLSGD16dGN3AwAAoMkyRQUA
AABIPQEHAAAAkHoCDgAAACD1rMGxDJYsWRJffPFFlJSURGlpabRr1y46deoUHTt2bOyuLbOvv/46
Zs2aFSUlJdG+ffvo3LlzdOjQIXXXqaysjFmzZsWcOXNiwYIF0aFDh1hrrbVW2rP55ptvYvr06TFv
3rzo1KlTbLjhhivlOivC4sWL46uvvoo5c+ZEWVlZtG/fPrp06RJt2rRZYdf4ru9/RMS8efNi1qxZ
MXfu3Gjbtu1S/bc4f/78+Pzzz2PBggXRsmXLWGuttaJr166RyWRWWn8BAICVQ8BRoMrKyhg1alTc
c889MWLEiJgxY0aNNv369Yv9998/DjvssNhggw0aPOcJJ5wQEydOzJXPO++82HnnnQvqz1133RV/
+9vfcuUBAwbE8OHDa2173nnnxTvvvJMr33PPPdG5c+dYtGhR/O1vf4sHHnggnn322RrH7bvvvnHw
wQfHAQccEMXFxQ326bu6Tm3Gjh0bDz/8cDz44IPx6aef1vj+Rz/6Uey3335x0EEHRbdu3Qo+7wUX
XBD/+te/cuULL7wwdtxxx5g8eXL87ne/i9tvvz3mz5+f+/6DDz6IPn36xPDhw+O9997L1ZeUlNQ4
95577pkoDx06NI4//viC+1aI8vLyeOKJJ+Kpp56Khx9+ONHXiIiWLVvGoEGD4qCDDor9998/WrZs
uUzXWVn3/9e//nV89NFHufLvf//72HTTTaOsrCwefPDBeOihh2LEiBFRXl6eOG7nnXeOww8/PA46
6KBo27Zt4rslS5bEU089FXfeeWc8/vjjNa7Zs2fPOPjgg+PYY4+N7t27F9xXAACgkZWVlWXT9Fm0
aFF28uTJ2UmTJmXnzJmTLS8vz5aWlmZLS0uzZWVl2fLy8uySJUtyn4qKimxlZWXis7SmTZuWPeig
g7IRUdCnZcuW2VtuuSVbUVFR73l32mmnxHFPPPFEwX26+uqrE8eeeOKJdbY94IADEm0//vjj7Ntv
v53deuutC/p5Bg0alP3ss88a7NN3dZ3qZs+enf3Vr35V8LNp27Zt9pprrskuXry4oPMfcsghieMf
f/zx7OjRo7Prrbderef/8MMPs9lsNjt06NCC+1T1ufDCC5fqZ2/IO++8k911110Lvn6fPn2yb731
1lJdY2Xf/3322Sdx/JgxY7Lvvvtudvvtty/4Z/roo49y5/v888+z++23X0HHtm/fPvvAAw8s1f0A
AIBVRf44uKKiIjFWLi8vz5aVleXG0+Xl5dm5c+dmp0yZkp0wYUJ24cKFuXF2Wj7W4GjA559/Hnvs
sUfcf//9BR+zePHiOP744+P888+PbDa7Enu3bJ544okYNGhQvP322wW1f+6552LfffeNqVOnrlLX
mTFjRgwZMiSuv/76gvs0f/78OOuss+LYY4+NRYsWFXxclbFjx8aBBx4Y06dPr/X7VWVqw+uvvx4D
BgyIl19+ueBjPvzww9hpp51ixIgRBbVvjPv/7LPPxu677x5jxowpqP2HH34YQ4YMiRkzZsT48eNj
xx13jEcffbSgY+fNmxcHHnhgrW8dAQAAqx5TVOpRXl4eRx99dHzwwQeJ+lNPPTUGDRoU66+/fjRv
3jxmz54dr732WvzhD39ITF357W9/G717947DDz/8u+56vapPZdlmm23iyCOPjO7du0fbtm1j9uzZ
MWrUqLj77rtj3rx5uXbjxo2LI444Ip599tlo3rywX5uVeZ2SkpLYd99946233krU77HHHnHYYYdF
z549o23btjFnzpx4991344477khMGbn33nsjm83G3XffHUVFhed8F198caLctm3b2HzzzaN9+/Yx
ZcqU3LlOPfXU+PnPf55rN3HixDjrrLMSxz700EOJco8ePQruR30+/fTTGDJkSOK+tmzZMo477rjY
fffdc7+306dPj5deeil+//vfx8KFCyPi23DukEMOiVdeeSW22mqrOq/RWPf/oosuyv178ODBsf/+
+0fXrl2jdevWMWvWrBg1alTcdtttuZ8nImL8+PFxzjnnxLvvvhtTpkyJiIhu3brFsGHDom/fvtGu
XbuYP39+fPzxx3HvvffG2LFjE9c8/vjjY9y4cdGqVauC+wkAADSCxn6FZFWeovLAAw8kXlkvLi7O
Pvfcc3W2nzJlSna77bZLHNO1a9fsvHnzam3fWFNU4v+n0dx99911TqOZOHFiduDAgTWOu/feexv9
Otlstsa0iOLi4uzdd99d5/NduHBh9txzz61xndtvv73e6+RPUan67LXXXtkXX3wxW15eXu/xVcaO
HVvjHCtDRUVFdsiQIYnr9OjRI/vee+/Vecy///3vbN++fRPH7LzzzvX+bN/V/c+fohIR2fXWWy/7
0ksv1XnMp59+mt1qq63qnHpyxBFHZOfOnVvrsaWlpdlLLrmkxjEPP/xwvf0EAIBVjSkqJDzyyCOJ
8tlnnx277757ne032GCDuPvuuxMLNU6dOjVeeeWVldbHZfXII4/E4YcfXudfzzfccMP461//Gptu
ummi/tJLL40lS5Y06nXGjBlTY1rErbfeGocffnidU0RatWoVV1xxRZx88smJ+tNPPz1mzpxZ6I8T
ERHHHXdcPPzwwzFw4MCC32b5rjz99NOJhTPXXHPNuP/++2OLLbao85hNN900HnzwwVhrrbVydaNG
jYrnn3++1vaNff+ffPLJ2HXXXev8fpNNNok777yz1u923333uOWWW6J9+/a1fr/GGmvEhRdeWOO/
81dffXWp+ggAAHz3BBz1eP/99xPlgQMHNnhMr1694rDDDkvUVd8FYlVw1llnxeDBgxtst+6668ZV
V12VqPv000/j9ddfb9Tr3HLLLYnyvvvuG0ceeWSD18lkMnH55ZcndvGYP39+3HvvvQ0eW6VXr15x
7bXXLvNuIyvbbbfdliifc8450a9fvwaP69mzZ1xwwQWJurrW4mjM+3/uuefG1ltv3WC7LbbYotbf
vUsvvbTBqSaZTCYOOeSQRF2hv/MAAEDjEXAshQULFhTUbtiwYXHXXXflPv3791/JPVs6m222WcFt
99133xrtC110cWVc54svvoi77rorUXf22WcXvLhn+/bt45xzzknU3XjjjVFRUVHQ8aeddlqNbUdX
FRMmTKix7ekRRxxR8PE/+clPEuXa3lpo7Pvfp0+fgtpFRGy77baJcu/evWO77bYr6NhNNtkkUZ48
eXLB1wUAABqHgKMeW265ZaJ8yy23xOLFixs8rl+/fnHEEUfkPqtawLE0mjdvHoceemii7l//+lej
XSd/R5ZNN900tt9++6W6Vv5AftKkSfHJJ58UdOyqvNDkO++8kyjvuuuu0b1794KP33DDDeOkk06K
E088MU488cTo379/VFZWJto09v1fGmuvvXai3K9fv4KDmPwQa/r06QWHMAAAQOMQcNTjgAMOSJSf
fvrp2HvvveP555+PsrKyRurVdy9/isPo0aOjvLy8Ua6Tv2vHXnvttdTrYHTt2rXGoDx/54w0yv8Z
ljZYa968efzxj3+Mm266KW666ab44x//WGPtlDTd//y+t2jRYpmPjQgBBwAArOIEHPUYMmRIjbcK
Ro4cGYMGDYqNNtooTjvttLj//vtjwoQJkc1mG6mXK9/GG2+cKC9cuDCxBel3eZ1JkyYlyptvvvky
XSt/qsK0adOW6Tyrks8//zxRXlHbzlbn/gMAAKsqAUc9ioqK4rbbboszzzyzxndTp06NP/zhD3Hw
wQfHxhtvHH369ImLLroo3nrrrSYXdtS240Sh65Gs6OvMmjUrUc6fhlCoTp061XveNJo9e3ai3KFD
hxV+DfcfAABYVQk4GtCqVau45ppr4u23346jjjqqznbjxo2LSy+9NLbddtv48Y9/HM8888x32MuV
q7Z1JxYtWtQo1/n6668T5datWy/Ttdq0aZMol5SULNN5ViX5YdDKWC/E/QcAAFZVAo4C/fCHP4y/
/OUvuV0kDj300OjYsWOtbV966aUYPHhw/OIXv1gpbzp810pLS2vULc16BivyOvmLPxay6Gtt8oOT
/AF3GuUHGitjnRj3HwAAWFUJOJZS165d44gjjoj77rsvpk+fHu+9917ceeed8bOf/axG2zvuuCN+
8Ytf1NiJIm2++eabGnXL+pf75b1O586dE+VlXQtkzpw5ifKyTrVYleQHbitjnRT3HwAAWFUJOJZD
cXFxbLHFFnHkkUfGgw8+GP/5z39i//33T7S5//77Y8SIEY3UwxVj8uTJiXJxcXGt62V8F9fp2rVr
orys24u+9957ifI666yzTOdZlay33nqJ8spYuNP9BwAAVlUCjhWoZ8+ecdddd8WWW26ZqH/88cdr
bb/GGmskyqvqmx7vv/9+orzjjjuulCkqhVxnm222SZRffvnlpb7OvHnzYvTo0Ym6vn37LvV5VjX5
P8Obb765wq/h/gMAAKuq5o3dgVXVzTffHOPHj8+V99lnnxgwYECDx7Vp0yZOOeWUOPbYY3N1H330
Ua1t81/Lnz9//jL2duV65JFHEuX8LT6/y+tsvfXWifJrr70W48aNi969exd8neeffz6xdkT79u2j
T58+S9nbVc9WW22VKI8cOTLmzp1b8G4qpaWlsffee+d2ASouLo6nn346ior+m4O6/wAAwKrKGxx1
+OSTT+L666/PfZ577rmCj+3evXuiXF5eXmu7ddddt8Y1C/XBBx8U3Dbf0gQpb775Zrz00kuJukGD
BjXadXr16hWDBw9O1N18880FX6e8vDyuv/76RN2JJ54YLVu2LPgcyyKTyazU80dE9O7dO/r3758r
z5s3Lx588MGCjx87dmy8+OKLMXLkyBg5cmSUl5cnwo2I9N5/AACg6RNw1KH6QDEi4p577om5c+cW
dOzHH3+cKPfs2bPWdltssUWi/MgjjxS088Xjjz8e9957b0F9qc3ll18en332WYPtysrK4rLLLkvU
9ejRo8a9+a6vc9JJJyXKf/zjH2tMeajLrbfeGq+//nqirr7tf1eU2qb0LOsOJHXJZDJx3HHHJequ
vvrqmDp1aoPHLlmyJK6++upE3U9/+tNa26bx/gMAAE2fgKMOgwYNih49euTKU6dOjeOPP77G7g/5
PvjggxqD9fy/eFfp169fojxu3Li46qqr6lyLI5vNxr333huHHnpoIT9CnWbNmhUHHHBAjBs3rs42
paWlccEFF8RTTz2VqD///PNrrB3yXV9nzz33rLFrzSGHHBJvvfVWvf35+9//HieffHKi7qKLLope
vXrVe9yKUNuirIW+hfP444/H0UcfHcOGDWtwzYsDDjggMbXns88+i8MPP7ze39sFCxbE6aefHo89
9liurlu3bnHggQfW2j6N9x8AAGj6BBx1aNeuXVx33XWJuvvvvz969+4dF154Ybzxxhsxbdq0WLRo
UcyZMyfefvvtuOKKK2LHHXeMWbNm5Y7ZbLPNYujQobVeo2/fvrHHHnsk6i6++OIYOnRoPP300zFx
4sT4z3/+E2PGjInbb789dtlllzj88MNj4cKFy/3zjR07NnbYYYe44IIL4q233ooZM2bEggUL4vPP
P49HHnkk9t5777jmmmsSx2y33Xbx85//vNGv06xZs7jhhhsSO3pMnTo1dtxxxxg+fHiMGTMmZsyY
EQsXLoxp06bF888/H4cffngccsghifP0798/hg8fvlQ/z7Lq0qVLbLzxxom6X/7yl/Hggw/GuHHj
YuzYsfHGG2/UOO6FF16IoUOHxp133hm33nprDBgwoMZirNW1bNkybrjhhkTdSy+9FDvssEPcdttt
8cknn8T8+fNj4cKFMWnSpLj33ntjp512iptuuilxzE033RSdOnWq9RppvP8AAMBqoKysLJumz6JF
i7KTJ0/OTpo0KTtnzpxseXl5trS0NFtaWpotKyvLlpeXZ5csWZL7VFRUZCsrKxOfpXHVVVdlI2KZ
Ph07dsyOGTOm3vOPHTs2u+aaay71ufv165con3jiiXVe44ADDki0/cEPfrDU11t//fWzn376ab0/
y3d1nSrvvfdedsMNN1ymZ7Pjjjtmp0+f3uA1DjnkkMRxd9xxR0F9q82ll15ab5+OPfbYGsecf/75
NdrddNNNDV7rb3/72zL/3t55550F/Tzfxf3fZ599Esfdd999BfUtm81mb7zxxsSxxx13XMHHvv/+
+zX6XFpaWvDxAADQ2PLHwRUVFYmxcnl5ebasrCw3ni4vL8/OnTs3O2XKlOyECROyCxcuzI2z0/Lx
BkcDhg8fHnfddVesueaaS3Vcv3794vnnn29wx5G+ffvGo48+Gp07dy7ovMXFxXHzzTcv11++zzjj
jLj99tsLXtixT58+8cQTT8Qmm2yySl1niy22iOeeey723HPPperXMcccE4899lh06dJlqY5bXiec
cEKNLYSrq21q0jrrrFOjrpDflYMPPjgeffTR6NatW8H969GjR7z44otx5JFHFtQ+bfcfAABo2gQc
DchkMnHEEUfEv//977jssstqTDPIN3DgwLjnnnvilVdeqbFtZ10GDRoUb775Zpxxxhl1BikdO3aM
k046KT766KM4/vjjo1WrVkv9s1R3zDHHxLhx4+L000+vc8Dco0ePuPzyy+PVV18t+Gf5rq+zySab
xIgRI+LRRx+N/fffP4qLi2tt17Zt2zjqqKNi1KhRcfvtt9c5/WJl6tSpUzz77LOJLYSrq6ioqFF3
2GGHxa677por77fffrHPPvsUdL2hQ4fGO++8E1dffXW993WzzTaLG2+8Md5+++0YOHBgQeeukqb7
DwAANG2ZsrKybGN3YmlUVFTEzJkzI5vNRrt27aJt27a5v3xnMpncp0p+uapuWWWz2Zg0aVJMnjw5
SkpKYvHixdG6detYe+21o1evXtGxY8dlPnfEtws+fvDBBzFz5swoLS2N9u3bR+fOnaN379617sRR
iAMPPDCxXegdd9wRRx99dK5cWloa48aNi5kzZ0ZJSUm0b98+1l133ejdu3edA9bGvE595syZE+PH
j4+vvvoqvvnmm+jQoUN07NgxevXqFW3atFkh11gRpk6dGh988EGUlJTEmmuuGV26dInvf//7tfax
vLw8JkyYEM2aNYuNNtqoxtathchmszFhwoSYPn16zJkzJ8rKyqJDhw6x4YYbxsYbb7zCtrFNy/0H
AICmLpvN1ihXr6sqV9UVFRXFggULoqSkJJYsWRJdunSJZs2arbCxwneheWN3IG0ymUz06NEjscPK
itS6devYfvvtV8q569KiRYtlfkNjVbvO2muvHdtuu+1KvcaK0LVr18QinfUpLi6OTTfddLmul8lk
YuONN27wDaTllZb7DwAAND2mqAAAAACpJ+AAAAAAUk/AAQAAAKSegAMAAABIPQEHAAAAkHoCDgAA
ACD1BBwAAABA6jVv7A6w8h144IGx44475spbbrllqq8DAAAA+TJlZWXZxu7E0qioqIiZM2dGNpuN
du3aRdu2baOysjIiIjKZTO5TJb9cVQcAAABNVTabrVGuXldVrqorKiqKBQsWRElJSSxZsiS6dOkS
zZo1S9X42RQVAAAAIPUEHAAAAEDqCTgAAACA1BNwAAAAAKkn4AAAAABST8ABAAAApJ6AAwAAAEg9
AQcAAACQegIOAAAAIPUEHAAAAEDqCTgAAACA1BNwAAAAAKkn4AAAAABST8ABAAAApJ6AAwAAAEg9
AQcAAACQegIOAAAAIPUEHAAAAEDqCTgAAACA1Et1wJHJZBq7CwAAAMAqINUBBwAAAECEgAMAAABo
AgQcAAAAQOoJOAAAAIDUE3AAAAAAqSfgAAAAAFJPwAEAAACknoADAAAASD0BBwAAAJB6Ag4AAAAg
9QQcAAAAQOoJOAAAAIDUE3AAAAAAqSfgAAAAAFJPwAEAAACknoADAAAASD0BBwAAAJB6Ag4AAAAg
9QQcAAAAQOoJOAAAAIDUE3AAAAAAqSfgAAAAAFJPwAEAAACknoADAAAASD0BBwAAAJB6Ag4AAAAg
9QQcAAAAQOoJOAAAAIDUE3AAAAAAqSfgAAAAAFJPwAEAAACknoADAAAASD0BBwAAAJB6Ag4AAAAg
9VbLgCObzTZ2FwAAAGClWF3HvKtlwBGx+j5wAAAAmq7Veay72gYcAAAAQNPRvLE7sDJUJVaZTCZR
rl5XVV+9DAAAAGmV//ZGXW9zNNW3PJpcwJEfWhRSBgAAgKakrrAj/39ra5tWTWaKSjabrfOBNZWH
BQAAAMuqttCjKY2Xm0zAkclk6n0zIz+dakoPEQAAAKrUN/6tXs4fR6ddaqeoVD2I6g+k+oPJr2tK
Dw0AAADqkj82rm1dyvy6TCYTRUVFqR47pyrgKHSukDU2AAAA4FuFjIurj7fTOo5OVcAR8e3Nrqys
jGw2G+Xl5VFWVpZYOLS+tCnNSRQAAAAsrfrCiuqhRiaTifLy8qioqMiNudMmdQFHxLdBxeLFi2PO
nDlRUlKSqAcAAAAKUz3IqKioiCVLlkRxcXEj9mjZpSrgqJoT1Lp16yguLm5yC6IAAABAY6manlJc
XBxFRenbkyRTVlaWqvdOqqamVFZW1vhO2AEAAACFq20qSlFRUe6lgjRJXcABAAAAkC9975wAAAAA
5BFwAAAAAKkn4AAAAABST8ABAAAApJ6AAwAAAEg9AQcAAACQegIOAAAAIPUEHAAAAEDqCTgAAACA
1BNwAAAAAKkn4AAAAABST8ABAAAApJ6AAwAAAEg9AQcAAACQegIOAAAAIPUEHAAAAEDqCTgAAACA
1BNwAAAAAKkn4AAAAABST8ABAAAApJ6AAwAAAEg9AQcAAACQegIOAAAAIPUEHAAAAEDqNW/sDgD8
9uo/xOTJX+TKe++9e+yz9+6N2CMAACBtUhNwzJkzNz799LOIiChfUh6vvvpG9Ntmq2jTpnXB52jT
tnX02fz7K6uLwDL619vvxciRo3PlLbfcvBF7AwAApFFqAo5xH38SPxly+HKdY++9dot77v7TCuoR
AAAAsKpITcCRJp98Mj6+nDErV+7YcS1vjgAAAMBKJOBYCR586Im4/oZbcuUjjzgobrj+skbsEQAA
ADRtqQ44fnfD5bHZ9zcpuH3r1oWv1wEAAACkR6oDjh1+1C969uzR2N0AAAAAGllRY3cAAAAAYHml
+g2O5fXYY08nFgPda/Bu0a1b1ygtLY2RL70aI0e+Gp9NmBTffLMg1uuyTmy77Q9j6JDB0bXrejXO
9cijI2LmzNkREYn1NyIi7rr7/th005658gE/+0l07LhWrX0qKZkfr4x6PUaPfj0mTvo85s6dF13W
7Rw9e24Uu+z8o9hhh21jjTWK6/yZ/vHMizF58he58q677BDf//4m8ckn4+Pv9z8W773/UZQuLo1f
HvvzGDp0r8JuVEQ8NeL5+OKLabny3nvtFhts0DWmTJkaI55+Pt58a2xMnTo92rdvFz033jAG7b5r
7LTTj6J582YFnb+ysjLeeuvd+Ofrb8V7738UM2d++1y+t16X2GyzXrHLzj+KH/5wiygqKiyTmzt3
Xrzw4qh44413YsLEyTF37rxYp3On6NJlndhuu61j1112iC5d1lmp55o6dXo8+dRzufIaaxTHMUcf
Wus1Kioq4qijT4kRT78QLVq0iJdHPpr4naluzJi34933PsyVN+21cQwY0L/Ovo8ePSZGvzomPv98
Wsz+ak507tQxundfP/r33z526r9dtGvXtt6ff3l/p6r+e3rhhVExcdKUWLx4cXTbYP3YeecfxV6D
fxwdOrSv9/oAAACFyJSVlWUbuxOFePW1N2psE/vmmGeXa4rK4UecGCOefiFXfuShv8TaHdeKX595
Ubz99nu1HtOmTeu46Y9Xx777DErUH3LosHj2uZcKum5d/X7k0RFx6WXXxpQpU+s8drvtfhhXXXlB
9N2yT63fn3LaeXHffQ/lyrfcfE0UNy+OE08eHqWlpbn6iy86K0495ZcF9Tci4oQTz477H3gsV37g
77fFtOlfxrnnXRGLFi2q9ZgBA/rHtddcHD027Fbvud9++70474Ir4623xtbbbs89Bsallwyv95lX
VlbGffc9HBdd8j8xd+68OtsVFzePc4afFsOOOyLWXLPVSjlXScn82GTT7aK8fEmu7t/jXot11ulc
4xwffPhx7LLrkFz51786Ic4/74xar3f8CWfFAw8+niv/+dbr46f771Oj73/7+6Nx+RXXx4xqIV6+
732vS1xw/q/iwAN+Umd4tDy/Ux9//Gmc/qsL63y2G/XoHjfeeFVcd/3NMXLk6Fz9lVecH8cPO7LO
fgMAAOQzRaWaZ54dGfv/9Kg6w42IiG++WRDH/vL0eP+DcSvsupWVlXHlVb+LY395Rr3hRkTEG2+8
E0P3OzLGjHm7oHP/45mRcfyJZyYGohFR8JsQdTnxpLPj9DMuqDPciIh46aVX45BDh8XUqdPrbPPk
k8/GXvsc0mC4EfH/z+dnR8eEiZPrbHPFlTfEaWecX28gERFRXr4kLrv8ujjplHOitKxspZyrXbu2
8eOBOyfafvTRJ7We45//fCtRfvyJZyKbrZk9VlRUxCuj/pmo23rrLRPlsrLyOO/8K+KUU8+tN9yI
iJg27cs48aSz48KLrk4EMfUp9Hfqk0/Gx88O/EW9z3bCxMlx0MG/TIQbAAAAy2K1nqKS79Y/3xMR
376lMWTI4Fi/63oxZ87X8Y9nRiamZ5SXL4mbbroj/veWa3N1e+45MLbYondERFxz7U01zn3WmSfl
/t2+fXJKwL33PRTXXvenRF337uvH0CF7RYcO7WLSpM/jgQefyIXfo7bdAAAgAElEQVQJJSXz47jj
fx0vvvBwdO7Usd6f6fHH/1FrfbPlDDhmfzUnIiI6d+4Ue++1W6y7buf48suZ8ehjT0dJyfxcu08/
/SwuvOjquP3PN0Qmk0mc45NPxsdxx5+ZGFhvvPGGcczRh0aPHt2idHFpjH71jbjjL3/Nff/FF9Pi
7OGXxkMP3F6jTyNHjo4bfve/ibr999s7hgwZHB07rhVfzZ4TDz86Ip544pnc948//o/44VY/iFNO
PnalnGvAgP7xzLMjc+V33/uo1ukkzzzzYqI8fvzE+Pe//xObbdYrUT9x4pREaNG7d6/o3m39RJs/
3Pjn3O9ylXXX7Rz7779PrLtOp/jyy5nx0ENP5p5hRMTNN/8l1uncMU479bgafctXyO9UWVl5nP6r
C2L69BmJNt27rx97Dd4t2rRpHeM/mxhPPfVcfPPNggavCQAA0JBUBxyjXx0Ts2fPabhhRGyzTd+C
1oPYZ+/d49prLk5MIzj/vDPihBPPjn9UG4Q++NATcc3/XJRbv+DIIw7KfVdRUZFYh+PIIw6Kc885
rdbrTZkyNc4974pE3VFHHhyXXXpOtG69Zq7u9NOGxZFHnZx7c+SLL6bFrbfeXec0hny/OOaw2GPQ
gFhn3U6RzWajbds2BR1Xn6OPOiQu+s2ZiTUczjv3tDjplHPihRdG5eoee+zpOO7Yw2P77bdOHH/7
Hfcl3gLo12+ruP9vtybWZBgyZHBsv/3WcdywX+fqRo4cHe+9/1FsucXmifPdfe+DifLJJ/0iLrn4
7ESwss8+g+KSS6+NP9z451zdjTfeFsccfWjifq+oc/Xr1zdxntfHvBVnxLBE3YwZs+KVUa9Hvn++
/laNgOOjj/6dKO+5x8BEn97/YFxcedXvEm0OOXi/uOrKCxLP6eyzTv42KHr4yVzdJZdeG7v9eJfY
fPNNa/SlNvX9Tj351LPxxhvvJNqfcMLRceH5Z0TLli1zdePHT4xhx/86xr77YQAAACyPVAccvz7z
ooLbfj753WjefM0G2/3ppv+JNm1aJ+ratWsbw4efkgg4IiI++2xSbLXVDwruQ23uufeBxDSPrbfe
Mq684rzEIDDi2798X3ftJbH7Hgfk6u666/44/bRhiYF5be76y42x7757LFc/a3PlledHizXWSNR1
7twpbrrxt9F/55/ErFmzc/VPPPlMjYDjuedfTpRPGHZkrQtO7r/f3nHd9TfHJ5+Mz9V9/PF/EgFH
NpuNUXkhwc9+tm+Nt0YymUwcP+zIRCgx+6s5MWnS57mB/Yo8V+/NNo1OHdfOvS0xevQbsXDhosRa
HWPG/KvGzxwR8exzL8UvjjksUZcfBGy/3TaJ8h13/DVR7tdvq7ju2ktq/D516NA+brj+shg/fmJi
wdI77/p7XPM/Df931dDv1H1/fThRHjCgf1z8m7OiuDj5fzk9e/aIm/90TWy/w+AGrwkAAFAfa3BU
02PDbjXCjSq17Wgxb17Jcl2vvHxJ3HXX/Ym6k044usZgtMrWW2+ZWG9h9ldz4sMP/11r2+pWRrgR
ETXCjSqdO3eqsUDkE08+W2NNiZdHPhYTxr+V++y11+61nq+oqCh+0GezRN2XX86opV0mr83MWs+3
7rqd49l/3J/4fO97XVbKudZYozgG7/XjXLm0tDT+/e//JM4x8uVXc//eeOMNc/9+4YVRMWv2V4m2
r/3zzUS5esA2b15J3H3PA4nvzzh9WJ2/T61brxmnn5acknL3PffH/Pnf1Nq+uvp+p2bMmBUvv/xa
ou7E44+qEW5U6dVr4wavBwAA0BABRzWHHvrTOr9rscYaNd4uWLR48XJd75NPxyfWQYiI2GGHfvUe
s22/rRLlj//96XL1YVkddtjP6v2+/47bJsrTpn0Z06Z9majr0KF94lPf9rctWrZIlBctSt77TCYT
A3ZNrm1x9vBL4sUXR8WSJRU12vbrt1Xis9Za7VfKuSIi+u+4XaJcfYHaxYsXx5NP/ncr2Wuuvig6
d+6UK1dfTHbOnLmJBXAHDOif2G74w7zpK8XFzWtcO9/OO/8oUS4vX1LnQqiF+vQ/n9Wo65f3ewsA
ALCipXqKyl1/ubHgv/62alX7X7Gra2iqR/5f9Ssrl2+H3cmTv6hRd2feGx358t/YmDlzdh0tv7Xf
fnstfccKsMH636v3+3XXXadG3azZX0XXruvV2r6kZH689s834/33x8Wn//ksvv56XsybVxLZ/7/H
1adR1OWE44+Khx95KleeMmVqHHDQsdGtW9fYe6/do982fWOrrbaIbt261phusjLPlb/LyZtvvhNH
HXlwRHw75aRql5a11+4Q22+/dew3dHBukdCXX34ttyXxuI+TwcPAvMVK83+ffvjDLep8I6lKhw7t
o++WfRL3d9Lkz2tMJ6quod+p/CDre9/rklj/ozYtWrSosSsLAADA0kh1wLHZZr2iZ88ejd2NZVbb
FJffXv2HpTpHQ9MJNu1Vc2rNd2HttTvUqFuwYGGNukWLFsWfb7s3rr3uT8u9m8YPf7hF3HP3n+Kk
k4cndnKZMmVq3HzLnXHz/5f7btknDjvspzF0yF6JNyBW1rl6bNgtNtusV3z88bdv27z08mtRUVER
zZo1S6z1MeQng6Nly5YxcOBOuYDjySefza118sH7ya2Jt9v2h4nyvLztbNdbLzntpi5du3ZJBBxf
fz233vYN/U7Nn598jhv16N5gH7p06Vxr4AcAAFAoU1Qa0cKFixpu1IAlS5Y03KgRrFHL+hxLypN9
LSmZH0cdfWpcfMk1NcKNvlv2iT0GDYi999ot9t5rt4Kvu/deu8Wol5+Ik048ps63F95978M46+xL
ov/O+yTe0lhZ58pkMrHnHgNy5RkzZsXEiVMim83GiBHP5+oHDtwpIr4NLlq0+HZKzuyv5sR7/7+w
6Jv/ejfXtl27ttGnz/cT1ykrL0+U1yiue8pPol2L5LMqzzvP0so/vqG3SAAAAFaEVL/BkXa1TZu5
+re/WapzbLxRw38dbwzz5s2rUZc/Bej6G26J5194JVdu06Z1XHn5ebHPPoNqrHdyymnnxX33PVTQ
tbt16xqXXXpOnDP81Hhn7Pvx2mtvxvMvvBJjx36QaDdjxqz45XG/itLSsjj0kP1X6rl+tH2/uCH+
N1f+4IOPIyK5bsb22307LaR9+3ax9167xSOPjoiIiNGvvhF9+/4gXnnln7m2e+4xsMbiofnTQKq/
eVKfuXOTbxI1NJ2kIW1aJwON/CkrAAAAK4OAoxHlT+No165tHHnEQfUutrmqqKysrPf7OXNqTnNo
375d7t9fffV13HzLXxLf/+8t18bgPX+cf9gya916zdip//axU//t45zhp8b06TPi6X+8ENde96eY
MWNWrt3FF/9P7LnHwFqn1ayoc+VvJ/zO2Pdj/jf/nV601+DdElNcBg3aNRdwjBjxfAze88e5tToi
InbaafsafezUce1E+f0PxkU2m613jZDKysoaU186depYZ/tCrJX3s0+YOLnBfpieAgAALC9TVBpR
/gKpJSXz4/33P2qk3iydf1XbzaM2+VuhtmrVKrp1Xz9X/vDDj6O82pSVtdfuELvvtmud5xs/fkK9
1yspmR+zZs3OfWpb72O99daNXxxzWDzx2D2JLUtnfzUnPqi2s8mKPFeVjh3Xil133TFXHjXq9Xj+
+Zdz5UGDkj/7jjv8dxead9/7MB56+MnE9/226VvjGr17b5ooT5v2ZYwfP7FGu+rGffxpjZ18Nt98
0zpaF2aTvHVxvvlmQUycNGW5zgkAANAQAcdKkP+X6my29t1WNurRPXr37pWo+99b766zfZWvvvq6
0V/7HzlydL3f5w/IBw7YMVpUW5cjf4HVli1bRvPmzeo83xtvvFPv9f5y599i0812yH2uv+HmOttu
sslGsWPe9qnVB/kr8lzVVd/15IMPP44RT7+QK++Yt61u167rxU79//uWxu9+/9/pLT027Fbr4ro9
enSLPpsn1+XIfw75Hnoo+X3fLfvEht03qPeYhmy00Yaxft4uO0899VwdrcPuKQAAwAoh4FgJ8tea
+PyLabW2y2QycfJJxybqHn7kqfjTzX+pM+SYPn1GHPvL0+PgQ46Lzz+fumI6vIzGjHm71vpHH306
MXiPiNhvv70T5Y6dktMppk37Mt555/1az3fHX/5aoy7//my2WTIoevChJ+Prr2uuAxIRsXjx4pgw
YVKyP2v/d3rIijxXdVVrbOTru2Wf2HijDWvU77337rW233Pwj6OoqOZ/ukVFRTFs2JGJut/9/n/j
n6+/Vet5Ro0eE3+48c+JumHDjmhw29uGFBc3j58f9rNE3fU33BIfffRJjbaVlZVx3fV1B0gAAACF
SvUaHJdcek1stdUWBbdv165tHPuLw1Zij761zjqdE+WXXno1bv3zPbH99t8OcNfrsk507twpIiL2
Gzo4/vrXh+PV197Itb/wN7+Nt995P4484qDYpGePaNasWcyYOSteeeWf8ceb7ohZs2ZHRMSBB/8y
nnrivjq3J13ZDjz42Djz1yfGjwfuHB07rhVz586LEU+/EFdceUOiXc+ePWKPQQMSdZv33jQ6dGif
WFdi2AlnxqWXDI+tf/jtM50wYUrce9+D8de/PVLj2osXJ//qv8suO8Smm/aMTz4ZHxERX3wxLY48
6uT4zYW/jr59f5B7O2TKlKlx9f/8IaZM+W84tPbaHWLrrbdcKeeqrk+f70e7dm1rLP6577571Nq+
f96bIVV2+FG/WusjIvbfb6+4+54H4q23xkZERHn5kvjpz46Jc885NXb78S7RseNaMWfO1/Hc8y/H
b6++MXHsj7bfJob8ZM86z700Dj1k//jTzX/J/awlJfNjv/2PjHPPPS22327rWKPFGvHF59Pi7nsf
iEcffXqFXBMAAFi9pTrgGPH0CzXeFKhP3y37fCcBx7b9tqpRd865l+X+/fCDd8SA/5+u0KJFi7jx
D1fF/j89KrFOwWOPPR2PPVb/wO/HP96p3oUxV7ZvvlkQF19yTVx8yTX1trvy8vNrvNXSoUP7+NUZ
x8dvLro6V/fZZ5PisJ+fUNC1p0+fkSi3WGONuPH3V8aQ/Y6MRYu+3X731dfeiEF7HhidOq4dG/bo
FnO++jomTJxc41yXX3ZetG3bZqWcq7qWLVvGnnsMjAcefDxRv3MtC4ZGRGy22SaJoKVKVQBUm1at
WsXvb7g8fnrAMbl7VFpa2uBz+t73usTvbri8xs4sy2r99b8Xl1x8dpzxqwtzdbO/mhO/PvOiFXJ+
AACAfKaorAQ9e/aIYccdUXD77t3Xjycevyd22flHBR9z0W/OjEsuOnu5pxMsq4MOHBpb/KB3g+1+
f8MVsdtuO9f63fHDjopfHNNw4DRgQP8YfvYpibo33nynxk4u22zTN+7/+63RY8NuifrZX82Jf/3r
3RqBRIsWLeL66y6Ngw8aWuOaK/Jc1eXvfrLeeuvGFltsXmvbTCYTQ4cMTtT167dVdOmyTr3X+P73
N4lHH74zftBns3rbVdniB73j0YfvjE022aig9oU64vAD47xzT2+w3aGH7F9QOwAAgPoIOFaSi35z
Zpwz/NRo06Z1je9qWz+ha9f14sEH7oi77vxjjekcVdq1axtHH3VIjH7lyTjt1OOiWbO6F+Vc2Xr0
6BZPPH5PDD/7lFh33c41vt9j0IB47pkH4vDDD6jzHM2bN4v/ufo3cdedf4wfbb9Nje/XX/97cfVv
fxN/vffmGDw4uX3sF19Mi/feq7njTP8dt4vnn3soLrv0nBoLblbp3LlTnHrKL+PVUU/GUUceXGf/
[...]
fL6Gl8ce8/A49piHdxzAH95wzLvvvqftfqW0uq4mxxxzZBx77MM77nP44e2vrWiU6LSfhUYBYDDM
4ACAASjyG/uiVq1aGc961rnxTx99X/zlG18dj3/8qXvt8+//fnO8/vy3xrN/9wVx5ZXX9nzdE5OT
8dXrvlF/feopg1tfoowVK1fU/777/vtLv/9n3+dBXtVDVqz42bXdf/8Dgz/BT4kcANAfMzgAYIE1
zpbo9KjYZmtWj8fTn3ZWPP1pZ8Udd+6Ia6/9Wnzms1+MK664qr7Pd7/7g/iTF/95vOTFz4/ff+55
hY89N5i+++576renREQcfvihhY+xUIoM9Bc6Bsw7fuNfZ2fLvbfAdgBgMAQOACiheXZG0fe0ulWl
TOzY9HMPi3PPOTvOPefsuPVHP46PfeyTcenWy+PBByciIuLt77gkDt50UDz1qWcWPmZExANNMxLW
rF291203S205hAHRAwAWnltUAKCkXtZM6LbgZxmHHXpwvPAFfxAf+uAFcdhhh9S3v+OC99SDR1Ez
MzPzXlerP/vdR/uFNEudoie9fm8WyyCvbZg/JwBkInAAQAkLNRjtNqBvtf3oo46I//rqF9Vf33bb
HXHDt24sdd7x8VXzXj+458FS7293bX1Z4rF+xwVBu3y9n3POFrj9BQBozy0qANCDTkGiUqm0fJpK
u4Hx166/Ia655qsRETE2NhbPf96z256z8XgREY959CNjxYoVMfnTdTS+//1b4zGPfmTL9zRe99z7
161bO+/rd+3YGT/3cw9ref5O9jrPvMe1do9C/UaDn71/3sNh286caX7dOWr09zjXTrc1mbkBAIMj
cADAgBWNG3OR4a67dsYl77msvv13fvtXY/Xq8b32a3WOsbFqbNywPu64c0dEROFbVObev379ujj6
qCNi2y3fi4iIG2/cFidsOa7QMdLa69G5CzMjo8i2hTo/AOyL3KICACX18hv8TgPeo486Yt7266+/
ofD57rnn3nrciIjYf/8Npa4tIuY9hvZTn/pc11slJibKrfMxTBYqJrR7THDR84ocANA/gQMASpgb
iJYdkHZ6IsmRR/58nHrKSfXXF1z4vrj77l2Fjvuxj39q3ustx28udV0REU8+6wn1v3/luq/HF6+8
tuNtGx+69B9Ln2O5GvRiowBA7wQOAOhDuyeNNGqMG5VKZd6fuW0vfcl/ilWrVkZExM3f2R5//F9e
FV/44jV7PeVkzsTERFx66eXxjne+p77tmc94chx22MFdZxM0O+GE4+LMM0+vv/7Lv3p7fPOb397r
801MTMbfXfTBRQgc7Z7e0v5P66N0n1nR9gp6fF+veg1nAMDPWIMDAEro9RGxczGj3XuPPfbh8Y63
vzFe8co3xL333hfbv/uD+NOXvS4OP/yQeOITHxc/f/ghsWrVynjggQfjBz+4NT7zmSvjzrt+dmvK
5mOPihe/6Pndr6XFI0oqlUq8+EXPi+uvvyF27bo37rxzRzz3D14SZ599RjzqkVti5coVcfvtd8Yn
P/W5uPXW21oes9vimV2/ZwMY19dqrT7dwmqMV0U+c6dt4gYA9EfgAICS2v12v9NtKI2Ro52TTzoh
Lnr3m+Jd7/5AfP4LV0dExA9/eFtcdtlHO77vrDNPj1e+4oVx4IH7tzxvt22VSiX+w88fFm97y+vi
T1/++rj33vsiIuLTn74iPv3pK+btW61W41WvfGH85V+9fd7x9jpPyYU8e0kTRaJJy8/feK42+zQf
p9R5W+zT6UkqAMBgCBwAMCDNMzWag0aRyHHUUUfEW9/y2vjKdd+IK674Unzms1fGXXft3Gu/1avH
48wnnR7PePpZ8djHnjzvSS2dHknb/JjYuW0REY961JbY+qEL4z3vvSw+8X/+rf7o2YiHwsZTnvLE
+IPnnhcHHfSweYFjpDLYO17nbi3p9PSYttsGEA/6CRDdrs9jYgFg4VQmJyf9nxUAupiZmYndu3fH
9u3b4/bbb4/99tsvNm3aFNPT0y33bzU47xY3Wu03PT0dd965I+655764/4E9sWrVyli/bm0ccsim
GBvb+/cUvZyjlfvu2x233XZ77N59f6xZszoOPfTgWL9+bURE3HHnjnjGM59T3/fjH/tAHHrIpkLn
HYRBB4hBv7fMU1TGxsZi586dsXPnzhgbG4vNmzfHAQccECtXriz8swQAHmIGBwAskk6Lj7bbb3R0
NA45ZFMcUjAg9HKOVtatWxObNx+113sqlUr86Ec/rm+rVquxccN+ha6tiH1tRsNiLWIKAPsCT1EB
gCXSz4yAhTjHFVdc1X2tjFot/u3fvlB//fjTTonx8VWln3pS5mko/ern+EvxJBUAoDcCBwAUVGaw
W2SfxboFoci1fPgf/jle/orz44IL3xcTE5Nt9/vMZ6+Mf/jIx+qvf/mZTxnINQ5av2GinyDS6/n6
eT8A4BYVAOhLuwFp86KfjduXQqdbV3bvvj8u3Xp5RER84IP/K7785evjt3/7V+Okk7bExg37xfT0
dPzwh7fFJz/9uXlPdHn840+NM844bXE+QBdLFQYECQAYHhYZBYACZmZm4ic/+Ul9kdENGzbEpk2b
YmpqquX+zSGjn0VHixy/XzfetC1e/mfnx5137ii0/8knnRBvetNrYv+NGwZ6HUUNOiz0O/OiyPZW
28bGxmLHjh1x9913R7VajeOOOy4OPPBAi4wCQA/M4ACAkjqtG9H4mNjGbcP+m/7jNh8dH3z/O2Lr
ZR+Nyz/6iXjggT0t91u7dk387nN+I57z7F+PVatWLpuZEwuxzkmRyNF4a8qw/xsBgGEncABACd3W
dmh1W0qrbY3bmxX5zX23wXDZ3/7XarXYf/8N8aI/+cN43vN+J268cVvcdNMtceedO2J2djY2bNgv
jjn6yDjxxONiv/3Wt7yGfmYcLPTgfhDHX4jHxM59TdwAgP4JHACwDDXPIClj9fh4PPrkE+PRJ5/Y
8zm7nddTSQCAQRM4AKCExkHzQj7WtFnG9RgyB4bFunazNwBgcAQOAChpUI8QzRgtWDhCBwD0R+AA
gCVSq9UWJXKUHThnDy8ZFz7ttrYLANCdwAEAJewLg9B+1u9YKhmjBgAwWAIHAJRQqVSWZNC/VOty
LPZtNRmepgIADCeBAwD60C4ALEYYWIo1PQSCYro9Rrh5m+8rAPRP4ACAEroNRue+1hwb2q230W1g
WyZaWMR0cXT7mbWLGADAwhI4AKAHRQa5RSNH0fMs5nuXk0HEhaLHEDcAYOkIHADQo06zOSqVSsvA
0Mtgd6neuxwM+nP3GjqK3LKyr/6MAGBQBA4AKKmXgWg/j4Tt971FLIcZHksVM/p9nzU4AGAwBA4A
KGFuINpr5JgzbLebDPv6HYsRAPo5x2LeBgMAtCZwAMASaLcYaZn39vr+YTlHmWsY1nOIEgAwPAQO
AEhsOT2ONkPQAACGl8ABAEto0PFgKYLHvmRf/uwAMOxGlvoCACCDxlCwkIPcYVkoczmZW8RzmG9H
sdAoAPRP4ACAEhZjICpy9G9QUaPxeAtpX/wZAcCguUUFAHqw2APeQd+60sqwPTmljOUQhcziAID+
CBwAQEQM/6NiGy2nELCcPgsALCWBAwBK2JcGo0sVPPal7zEAMDgCBwAk0GnQLzz0Zpg+zzBdCwBk
JXAAQEnDNhhtvJ5hvq1kGAzbz67RMF8bAGQgcADAMpJpHY3FIBoAwL7DY2IBoEcZBs8ZrnGh7Muf
HQD2RWZwAEAJc4PmTIPnuWvdV2ZzZPrZAACDI3AAQElZB9DLea2OrD+TObVaLf1nAIClJnAAQEmd
4kCrGR6ZB66tPutCxZFW3yffOwCgKIEDAEpqjBhTU1NLfDVkVq1WU0ccABgmAgcAlDD3G/iZmZmY
np6O6enpJb4iMpuamoqZmZmo1WpRqVTM8ACAPggcAFBQpVKJ0dHRqFQqMT09HQ888EDMzs623Ndv
5WnULlzs2bOnPguoWq2KHADQB4EDAAqqVCoxNjYW1Wo1JiYm4t57743R0dH615fbGhL0r9s6HDMz
M7Fnz54YGRmJVatWzfv3BACUI3AAQEEjIyOxevXqWLVqVezcuTN27doVu3fvrn+98UkYzU/FaF58
1G/pl5fmn2vjz7dxVkbzDI21a9fGihUrYv369bF27doYGxvzbwMAeiRwAEBBo6OjsXbt2jjwwAMj
ImL37t0xMzNT/3qrwNEcNgSO5ald4JgLGu0Cx/r162N8fDw2btwY+++/f6xYsSJGRkYW+eoBYHmo
TE5OmjsLAF3UarWYnp6OPXv2xO7du+P++++PycnJ+gyOVjM3OgUOlqd2gaPV3yOiPmtjfHw81q5d
G+Pj4zE2NhYjIyMiGACUJHAAQAG1Wi1mZ2djdna2/vSU6enpmJycbLlv43/bbWv+Grl0Wl+j+RaV
dvuvWLEiRkdHo1qtRrVajZGRkXrcEDgAoBy3qABAQZVKJUZGRupPu5gbmDZrDhYCxr6pOVC0Chaj
o6P1qNEYNsQNAChP4ACAAppvMxgZGWm7kCh00moB0la3rwAA5QgcAFBQ8wBU0GAQBA0AGAyBAwB6
ZGAKADA8PIcMAAAASE/gAAAAANITOAAAAID0BA4AAAAgPYEDAAAASE/gAAAAANITOAAAAID0BA4A
AAAgPYEDAAAASE/gAAAAANITOAAAAID0BA4AAAAgPYEDAAAASE/gAAAAANITOAAAAID0BA4AAAAg
PYEDAAAASE/gAAAAANITOAAAAID0BA4AAAAgPYEDAAAASE/gAAAAANITOAAAAID0BA4AAAAgPYED
AAAASE/gAAAAANITOAAAAID0BA4AAAAgPYEDAAAASE/gAAAAANITOAAAAID0BA4AAAAgPYEDAAAA
SE/gAAAAANITOAAAAID0BA4AAAAgPYEDAAAASE/gAAAAANITOAAAAID0BA4AAAAgPYEDAAAASE/g
AAAAANITOAAAAID0BA4AAAAgPYEDAAAASE/gAAAAANITOAAAAID0BA4AAAAgPYEDAAAASE/gAAAA
ANITOAAAAID0BA4AAAAgPYEDAAAASE/gAAAAANITRKMqOQAAHzxJREFUOAAAAID0BA4AAAAgPYED
AAAASE/gAAAAANITOAAAAID0BA4AAAAgPYEDAAAASE/gAAAAANITOAAAAID0BA4AAAAgPYEDAAAA
SE/gAAAAANITOAAAAID0BA4AAAAgPYEDAAAASE/gAAAAANITOAAAAID0BA4AAAAgPYEDAAAASE/g
AAAAANITOAAAAID0BA4AAAAgPYEDAAAASE/gAAAAANITOAAAAID0BA4AAAAgPYEDAAAASE/gAAAA
ANITOAAAAID0BA4AAAAgPYEDAAAASE/gAAAAANITOAAAAID0BA4AAAAgPYEDAAAASE/gAAAAANIT
OAAAAID0BA4AAAAgPYEDAAAASE/gAAAAANITOAAAAID0BA4AAAAgPYEDAAAASE/gAAAAANITOAAA
AID0BA4AAAAgPYEDAAAASE/gAAAAANITOAAAAID0BA4AAAAgPYEDAAAASE/gAAAAANITOAAAAID0
BA4AAAAgPYEDAAAASE/gAAAAANITOAAAAID0BA4AAAAgPYEDAAAASE/gAAAAANITOAAAAID0BA4A
AAAgPYEDAAAASE/gAAAAANITOAAAAID0BA4AAAAgPYEDAAAASE/gAAAAANITOAAAAID0BA4AAAAg
PYEDAAAASE/gAAAAANITOAAAAID0BA4AAAAgPYEDAAAASE/gAAAAANITOAAAAID0BA4AAAAgPYED
AAAASE/gAAAAANITOAAAAID0BA4AAAAgPYEDAAAASE/gAAAAANITOAAAAID0BA4AAAAgPYEDAAAA
SE/gAAAAANITOAAAAID0BA4AAAAgPYEDAAAASE/gAAAAANITOAAAAID0BA4AAAAgPYEDAAAASE/g
AAAAANITOAAAAID0BA4AAAAgPYEDAAAASE/gAAAAANITOAAAAID0BA4AAAAgPYEDAAAASE/gAAAA
ANITOAAAAID0BA4AAAAgPYEDAAAASE/gAAAAANITOAAAAID0BA4AAAAgPYEDAAAASE/gAAAAANIT
OAAAAID0BA4AAAAgPYEDAAAASE/gAAAAANITOAAAAID0BA4AAAAgPYEDAAAASE/gAAAAANITOAAA
AID0BA4AAAAgPYEDAAAASE/gAAAAANITOAAAAID0BA4AAAAgPYEDAAAASE/gAAAAANITOAAAAID0
BA4AAAAgPYEDAAAASE/gAAAAANITOAAAAID0BA4AAAAgPYEDAAAASE/gAAAAANITOAAAAID0BA4A
AAAgPYEDAAAASE/gAAAAANITOAAAAID0BA4AAAAgPYEDAAAASE/gAAAAANITOAAAAID0BA4AAAAg
PYEDAAAASE/gAAAAANITOAAAAID0BA4AAAAgPYEDAAAASE/gAAAAANITOAAAAID0BA4AAAAgPYED
AAAASE/gAAAAANITOAAAAID0BA4AAAAgPYEDAAAASE/gAAAAANITOAAAAID0BA4AAAAgPYEDAAAA
SE/gAAAAANITOAAAAID0BA4AAAAgPYEDAAAASE/gAAAAANITOAAAAID0BA4AAAAgPYEDAAAASE/g
AAAAANITOAAAAID0BA4AAAAgPYEDAAAASE/gAAAAANITOAAAAID0BA4AAAAgPYEDAAAASE/gAAAA
ANITOAAAAID0BA4AAAAgPYEDAAAASE/gAAAAANITOAAAAID0BA4AAAAgPYEDAAAASE/gAAAAANIT
OAAAAID0BA4AAAAgPYEDAAAASE/gAAAAANITOAAAAID0BA4AAAAgPYEDAAAASE/gAAAAANITOAAA
AID0BA4AAAAgPYEDAAAASE/gAAAAANITOAAAAID0BA4AAAAgPYEDAAAASE/gAAAAANITOAAAAID0
BA4AAAAgPYEDAAAASE/gAAAAANITOAAAAID0BA4AAAAgPYEDAAAASE/gAAAAANITOAAAAID0BA4A
AAAgPYEDAAAASE/gAAAAANITOAAAAID0BA4AAAAgPYEDAAAASE/gAAAAANITOAAAAID0BA4AAAAg
PYEDAAAASE/gAAAAANITOAAAAID0BA4AAAAgPYEDAAAASE/gAAAAANITOAAAAID0BA4AAAAgPYED
AAAASE/gAAAAANITOAAAAID0BA4AAAAgPYEDAAAASE/gAAAAANITOAAAAID0BA4AAAAgPYEDAAAA
SE/gAAAAANITOAAAAID0BA4AAAAgPYEDAAAASE/gAAAAANITOAAAAID0BA4AAAAgPYEDAAAASE/g
AAAAANITOAAAAID0BA4AAAAgPYEDAAAASE/gAAAAANITOAAAAID0BA4AAAAgPYEDAAAASE/gAAAA
ANITOAAAAID0BA4AAAAgPYEDAAAASE/gAAAAANITOAAAAID0BA4AAAAgPYEDAAAASE/gAAAAANIT
OAAAAID0BA4AAP5/e/fvW9V9/3H8TeNrtVd1kXv5ISJBQElNpUrOrdQOQJfGGe2xXsPfwfSVkpU1
XcnKikeyFbwwGEsgcJCM3RTH4FvHtXUj+Rr5O1SkjUiaH4DPfSWPxwjC5+UFXT99zucAQDyBAwAA
AIgncAAAAADxBA4AAAAgnsABAAAAxBM4AAAAgHgCBwAAABBP4AAAAADiCRwAAABAPIEDAAAAiCdw
AAAAAPEEDgAAACCewAEAAADEEzgAAACAeAIHAAAAEE/gAAAAAOIJHAAAAEA8gQMAAACIJ3AAAAAA
8QQOAAAAIJ7AAQAAAMQTOAAAAIB4AgcAAAAQT+AAAAAA4gkcAAAAQDyBAwAAAIgncAAAAADxBA4A
AAAgnsABAAAAxBM4AAAAgHgCBwAAABBP4AAAAADiCRwAAABAPIEDAAAAiCdwAAAAAPEEDgAAACCe
wAEAAADEEzgAAACAeAIHAAAAEE/gAAAAAOIJHAAAAEA8gQMAAACIJ3AAAAAA8QQOAAAAIJ7AAQAA
AMQTOAAAAIB4AgcAAAAQT+AAAAAA4gkcAAAAQDyBAwAAAIgncAAAAADxBA4AAAAgnsABAAAAxBM4
AAAAgHgCBwAAABBP4AAAAADiCRwAAABAPIEDAAAAiCdwAAAAAPEEDgAAACCewAEAAADEEzgAAACA
eAIHAAAAEE/gAAAAAOIJHAAAAEA8gQMAAACIJ3AAAAAA8QQOAAAAIJ7AAQAAAMQTOAAAAIB4AgcA
AAAQT+AAAAAA4gkcAAAAQDyBAwAAAIgncAAAAADxBA4AAAAgnsABAAAAxBM4AAAAgHgCBwAAABBP
4AAAAADiCRwAAABAPIEDAAAAiCdwAAAAAPEEDgAAACCewAEAAADEEzgAAACAeAIHAAAAEE/gAAAA
AOIJHAAAAEA8gQMAAACIJ3AAAAAA8QQOAAAAIJ7AAQAAAMQTOAAAAIB4AgcAAAAQT+AAAAAA4gkc
AAAAQDyBAwAAAIgncAAAAADxBA4AAAAgnsABAAAAxBM4AAAAgHgCBwAAABBP4AAAAADiCRwAAABA
PIEDAAAAiCdwAAAAAPEEDgAAACCewAEAAADEEzgAAACAeAIHAAAAEE/gAAAAAOIJHAAAAEA8gQMA
AACIJ3AAAAAA8QQOAAAAIJ7AAQAAAMQTOAAAAIB4AgcAAAAQT+AAAAAA4gkcAAAAQDyBAwAAAIgn
cAAAAADxBA4AAAAgnsABAAAAxBM4AAAAgHgCBwAAABBP4AAAAADiCRwAAABAPIEDAAAAiCdwAAAA
APEEDgAAACCewAEAAADEEzgAAACAeAIHAAAAEE/gAAAAAOIJHAAAAEA8gQMAAACIJ3AAAAAA8QQO
AAAAIJ7AAQAAAMQTOAAAAIB4AgcAAAAQT+AAAAAA4gkcAAAAQDyBAwAAAIgncAAAAADxBA4AAAAg
nsABAAAAxBM4AAAAgHgCBwAAABBP4AAAAADiCRwAAABAPIEDAAAAiCdwAAAAAPEEDgAAACCewAEA
AADEEzgAAACAeAIHAAAAEE/gAAAAAOIJHAAAAEA8gQMAAACIJ3AAAAAA8QQOAAAAIJ7AAQAAAMQT
OAAAAIB4AgcAAAAQT+AAAAAA4gkcAAAAQDyBAwAAAIgncAAAAADxBA4AAAAgnsABAAAAxBM4AAAA
gHgCBwAAABBP4AAAAADiCRwAAABAPIEDAAAAiCdwAAAAAPEEDgAAACCewAEAAADEEzgAAACAeAIH
AAAAEE/gAAAAAOIJHAAAAEA8gQMAAACIJ3AAAAAA8QQOAAAAIJ7AAQAAAMQTOAAAAIB4AgcAAAAQ
T+AAAAAA4gkcAAAAQDyBAwAAAIgncAAAAADxBA4AAAAgnsABAAAAxBM4AAAAgHgCBwAAABBP4AAA
AADiCRwAAABAPIEDAAAAiCdwAAAAAPEEDgAAACCewAEAAADEEzgAAACAeAIHAAAAEE/gAAAAAOIJ
HAAAAEA8gQMAAACIJ3AAAAAA8QQOAAAAIJ7AAQAAAMQTOAAAAIB4AgcAAAAQT+AAAAAA4gkcAAAA
QDyBAwAAAIgncAAAAADxBA4AAAAgnsABAAAAxBM4AAAAgHgCBwAAABBP4AAAAADiCRwAAABAPIED
AAAAiCdwAAAAAPEEDgAAACCewAEAAADEEzgAAACAeAIHAAAAEE/gAAAAAOIJHAAAAEA8gQMAAACI
J3AAAAAA8QQOAAAAIJ7AAQAAAMQTOAAAAIB4AgcAAAAQT+AAAAAA4gkcAAAAQDyBAwAAAIgncAAA
AADxBA4AAAAgnsABAAAAxBM4AAAAgHgCBwAAABBP4AAAAADiCRwAAABAPIEDAAAAiCdwAAAAAPEE
DgAAACCewAEAAADEEzgAAACAeAIHAAAAEE/gAAAAAOIJHAAAAEA8gQMAAACIJ3AAAAAA8QQOAAAA
IJ7AAQAAAMQTOAAAAIB4AgcAAAAQT+AAAAAA4gkcAAAAQDyBAwAAAIgncAAAAADxBA4AAAAgnsAB
AAAAxBM4AAAAgHgCBwAAABBP4AAAAADiCRwAAABAPIEDAAAAiCdwAAAAAPEEDgAAACCewAEAAADE
EzgAAACAeAIHAAAAEE/gAAAAAOIJHAAAAEA8gQMAAACIJ3AAAAAA8QQOAAAAIJ7AAQAAAMQTOAAA
AIB4AgcAAAAQT+AAAAAA4gkcAAAAQDyBAwAAAIgncAAAAADxBA4AAAAgnsABAAAAxBM4AAAAgHgC
BwAAABBP4AAAAADiCRwAAABAPIEDAAAAiCdwAAAAAPEEDgAAACCewAEAAADEEzgAAACAeAIHAAAA
EE/gAAAAAOIJHAAAAEA8gQMAAACIJ3AAAAAA8QQOAAAAIJ7AAQAAAMQTOAAAAIB4AgcAAAAQT+AA
AAAA4gkcAAAAQDyBAwAAAIgncAAAAADxBA4AAAAgnsABAAAAxBM4AAAAgHgCBwAAABBP4AAAAADi
CRwAAABAPIEDAAAAiCdwAAAAAPEEDgAAACCewAEAAADEEzgAAACAeAIHAAAAEE/gAAAAAOIJHAAA
AEA8gQMAAACIJ3AAAAAA8QQOAAAAIJ7AAQAAAMQTOAAAAIB4AgcAAAAQT+AAAAAA4gkcAAAAQDyB
AwAAAIgncAAAAADxBA4AAAAgnsABAAAAxBM4AAAAgHgCBwAAABBP4AAAAADiCRwAAABAPIEDAAAA
iCdwAAAAAPEEDgAAACCewAEAAADEEzgAAACAeAIHAAAAEE/gAAAAAOIJHAAAAEA8gQMAAACIJ3AA
AAAA8QQOAAAAIJ7AAQAAAMQTOAAAAIB4AgcAAAAQT+AAAAAA4gkcAAAAQDyBAwAAAIgncAAAAADx
BA4AAAAgnsABAAAAxBM4AAAAgHgCBwAAABBP4AAAAADiCRwAAABAPIEDAAAAiCdwAAAAAPEEDgAA
ACCewAEAAADEEzgAAACAeAIHAAAAEE/gAAAAAOIJHAAAAEA8gQMAAACIJ3AAAAAA8QQOAAAAIJ7A
AQAAAMQTOAAAAIB4AgcAAAAQT+AAAAAA4gkcAAAAQDyBAwAAAIgncAAAAADxBA4AAAAgnsABAAAA
xBM4AAAAgHgCBwAAABBP4AAAAADiCRwAAABAPIEDAAAAiCdwAAAAAPEEDgAAACCewAEAAADEEzgA
AACAeAIHAAAAEE/gAAAAAOIJHAAAAEA8gQMAAACIJ3AAAAAA8QQOAAAAIJ7AAQAAAMQTOAAAAIB4
AgcAAAAQT+AAAAAA4gkcAAAAQDyBAwAAAIgncAAAAADxBA4AAAAgnsABAAAAxBM4AAAAgHgCBwAA
ABBP4AAAAADiCRwAAABAPIEDAAAAiCdwAAAAAPEEDgAAACCewAEAAADEEzgAAACAeAIHAAAAEE/g
AAAAAOIJHAAAAEA8gQMAAACIJ3AAAAAA8QQOAAAAIJ7AAQAAAMQTOAAAAIB4AgcAAAAQT+AAAAAA
4gkcAAAAQDyBAwAAAIgncAAAAADxBA4AAAAgnsABAAAAxBM4AAAAgHgCBwAAABBP4AAAAADiCRwA
AABAPIEDAAAAiCdwAAAAAPEEDgAAACCewAEAAADEEzgAAACAeAIHAAAAEE/gAAAAAOIJHAAAAEA8
gQMAAACIJ3AAAAAA8QQOAAAAIJ7AAQAAAMQTOAAAAIB4AgcAAAAQT+AAAAAA4gkcAAAAQDyBAwAA
AIgncAAAAADxBA4AAAAgnsABAAAAxBM4AAAAgHgCBwAAABBP4AAAAADiCRwAAABAPIEDAAAAiCdw
AAAAAPEEDgAAACCewAEAAADEEzgAAACAeAIHAAAAEE/gAAAAAOIJHAAAAEA8gQMAAACIJ3AAAAAA
8QQOAAAAIJ7AAQAAAMQTOAAAAIB4h6pqv+kRAAAAAC/CHRwAAABAPIEDAAAAiCdwAAAAAPEEDgAA
ACCewAEAAADEEzgAAACAeAIHAAAAEE/gAAAAAOIJHAAAAEA8gQMAAACIJ3AAAAAA8QQOAAAAIJ7A
AQAAAMQTOAAAAIB4AgcAAAAQT+AAAAAA4gkcAAAAQDyBAwAAAIgncAAAAADxBA4AAAAgnsABAAAA
xBM4AAAAgHgCBwAAABBP4AAAAADiCRwAAABAPIEDAAAAiCdwAAAAAPEEDgAAACCewAEAAADEEzgA
AACAeAIHAAAAEE/gAAAAAOIJHAAAAEA8gQMAAACIJ3AAAAAA8QQOAAAAIJ7AAQAAAMQTOAAAAIB4
AgcAAAAQT+AAAAAA4gkcEKzdbjc9AQAAYCiMND0A+P46nU5dvHixJiYmqqpqYWGhPvroo+r3+w0v
AwAAaIbAAUHa7Xa98847NTMz85U/73a79emnn9a1a9caWgbwH4cOHaqxsbEaGRmpVqtVv/zlL6uq
amdnpwaDQe3t7dX29nbt7+83vBT4qep2u/X222/XkSNHGt2xsbFRt2/froWFhUZ3wI+FwAEhzp07
VzMzM9XpdL7275/dzQHQhJGRkep0OvXrX/+6jh49WseOHatWq1Wjo6N1+PDhqqra2tqq3d3dGgwG
9fjx43ry5En985//rF6vV3t7ew1/B8BPxXvvvVfnz59vekZV/fvz2/nz5+vmzZv10UcfNT0H4gkc
MOROnjxZs7OzAgYwlFqtVr3++uv1xhtv1JkzZ+r48eN14sSJbz0jqN/v19raWq2vr9fy8nKtrKzU
o0ePajAYHNBy4Keo2+0OTdz4b+fPn3cnB7wEAgcMqXa7XdPT0zU1NdX0FIDnvPbaazU+Pl5vvfVW
dbvdOnv27Pc6+Ljdbtebb75Zb775ZnW73bp//34tLCzUgwcPanNzs54+ffoK1wM/Vd1ut+kJ36jb
7Qoc8IIEDhhCU1NTNT097S0pwFAaHR2tU6dO1R/+8IeanJz8xkfnvqt2u12///3v69SpU7W4uFi3
bt2q1dXV2t3dfUmLAf7tRf+/epWGeRukEDhgiExMTNTs7GydPHmy6SkAX6vdbtdvfvOb+tOf/lST
k5Mv9Wt3Op3685//XJ1Op/72t7/VJ5984u1QAMB3JnDAEOh0OjU9PT2Uz4QCPNNut+t3v/tdvfvu
u3X69OlXdp3Jycn61a9+VdevX687d+6IHADAdyJwQMOenbPhcRRgmI2OjtbExMQrjxvPnD59ut59
990aDAZ19+5dj6sAAN9K4ICGdLvdmp2d9bwlMPRee+21OnXqVF24cOFA4sYzp0+frgsXLtTOzk4t
Ly87eBQA+J8EDjhgnU6nLl686LWvQIzx8fEvDxQ9aJOTk9Xr9erzzz+vjY2NA78+AJBD4IAD0m63
65133qmZmZmmpwB8Z61Wq956661G4sYzk5OT9fDhw9ra2qrBYNDYDgBguAkccADOnTtXs7OzztkA
4rz++uvV7XYbfZyu0+lUt9uttbW1WllZaWwHADDcBA54hU6ePFmzs7MeRwEijYyM1BtvvFFnz55t
ekqdPXu27t69W//4xz9qb2+v6TkAwBASOOAVaLfb9Ze//MVrX4FoR44cqTNnzgzF3WftdrvOnDlT
S0tL9dlnnzU9BwAYQgIHvGRTU1M1PT09FD8QALyI8fHxOn78eNMzvnT8+PEaHx8XOACAryVwwEsy
MTFRFy9e9NpX4Efh0KFDdfTo0Tpx4kTTU7504sSJOnr0aN27d6/29/ebngMADBmBA15Qp9Op2dnZ
6na7TU8BeGnGxsbq2LFjQ3U3WrvdrmPHjtXY2Fj961//anoOADBkBA54AdPT0zU1NTVUPwAAvAwj
IyPVarWanvGcVqtVIyM+vgAAz/MJAX6g9957zyGiwI9Wq9Wq0dHRpmc8Z3R0dCjDCwDQvJ81PQAS
tdttcQP4URsbG6vDhw83PeM5hw8frrGxsaZnAABDSOCAH6Df7zc9AQAAgP8icMAP9PHHHzc9AeCV
2d7erq2traZnPGdra6u2t7ebngEADCGBA36gq1ev1tzcXH3xxRdNTwF46QaDQe3u7jY94zm7u7s1
GAyangEADCGBA17AtWvX6v3336/5+fmmpwC8VHt7e0MZEgaDQe3t7TU9AwAYQgIHvKBer1dXrlyp
y5cv16efftr0HICXYnt7ux4/fjxUZw71+/16/PixR1QAgK8lcMBLsrS0VO+//35dvXrVYytAvP39
/Xry5Emtra01PeVLa2tr9eTJk9rf3296CgAwhAQOeMk+/vjjunTpkkNIgXibm5u1vr7e9Iwvra+v
1+bmZtMzAIAhJXDAK9Dv9+vq1av1wQcf1NLSUtNzAH6QjY2NWl5eHorHVPr9fi0vL9fGxkbTUwCA
ISVwwCv097//vS5fvlx//etfq9frNT0H4HvZ29urlZWVun//ftNT6v79+7WysuKAUQDgGwkccAAW
Fhbqgw8+qLm5uaanAHwvjx49qoWFhUYjba/Xq4WFhXr06FFjGwCA4SdwwAHp9/t17dq1unTpUt2+
fbvpOQDfyWAwqAcPHtTi4mJjGxYXF+vBgwdD+dpaAGB4CBxwwHq9Xn344Yd1+fJlj60AETY3N+vW
rVuNRI7FxcW6deuWw0UBgG8lcEBDlpaW6tKlSzU3N+e1ssBQe/r0aa2urtaNGzfq4cOHB3bdhw8f
1o0bN2p1dbWePn16YNcFADIJHNCwZ4+tzM/PNz0F4Bvt7u7W0tJSXb9+/UAix8OHD+v69eu1tLRU
u7u7r/x6AEC+kaYHAP8+n+PKlSt18+bNmpmZqYmJiaYnATyn3+/XnTt3ajAY1IULF2pycvKVXGdx
cbFu3LhRS0tLQ/GKWgAgg8ABQ2RpaakuX75c58+fr9nZ2frFL37R9CSAr+j3+3X37t3a2dmpXq9X
k5OT1el0XsrX7vV6X565sbq66s4NAOB7EThgCN28ebMWFhZqenq6pqammp4D8BW7u7u1vLxcn3/+
ea2srNTbb79dv/3tb39wlP3iiy/q3r17dfv27frkk09qc3PTmRvAKzHMB7wP8zZI8VpV/V/TI4Dn
DQaDunPnTs3Pz9fJkye/9TekvV7POR7Agdnf369+v1/r6+u1vr5ea2trtbOzU7u7u/Xzn/+8Wq3W
//z3/X6/VldX6969ezU/P1+3bt2q+/fv187OTu3v7x/QdwH8FP3xj39sesLXmpubq88++6zpGRDt
UFX5FAEBut1uzc7OfmPoePZ4C0ATRkZG6siRIzU+Pl5Hjx6tY8eOVavVqtHR0Tp8+HBVVW1tbdXu
7m4NBoN6/PhxPXnypDY3N2tjY6P29vYa/g6An4qLFy/WuXPnmp7xFfPz83XlypWmZ0A8gQOCtNvt
mpqaqqmpqeduBZ+bm6tr1641tAzgPw4dOlRjY2M1MjJSrVarxsbGqqpqe3u7BoNB7e3t1fb2tjs1
gMZ0u93qdrsv7QyhH6rX69XCwkItLCw0ugN+LAQOCNTpdGpmZubL3z7cvn27Pvzww4ZXAQAANEfg
AAAAAOL9rOkBAAAAAC9K4AAAAADiCRwAAABAPIEDAAAAiCdwAAAAAPEEDgAAACCewAEAAADEEzgA
AACAeAIHAAAAEE/gAAAAAOIJHAAAAEA8gQMAAACIJ3AAAAAA8QQOAAAAIJ7AAQAAAMQTOAAAAIB4
AgcAAAAQT+AAAAAA4gkcAAAAQDyBAwAAAIgncAAAAADxBA4AAAAgnsABAAAAxBM4AAAAgHgCBwAA
ABBP4AAAAADiCRwAAABAPIEDAAAAiCdwAAAAAPEEDgAAACCewAEAAADEEzgAAACAeAIHAAAAEE/g
AAAAAOIJHAAAAEA8gQMAAACIJ3AAAAAA8QQOAAAAIJ7AAQAAAMQTOAAAAIB4AgcAAAAQ7/8Bn/xE
61+wd00AAAAASUVORK5CYII=
" width="800px"&gt;</msg>
<doc>Takes a screenshot of the current page and embeds it into the log.</doc>
<status status="PASS" start="2025-01-26T22:20:23.350984" elapsed="0.257879"/>
</kw>
<msg time="2025-01-26T22:20:23.608961" level="INFO">xpath criteria: //android.widget.TextView[@resource-id="com.example.myapplication:id/textView"]
xpath criteria: //android.widget.TextView[@resource-id="com.example.myapplication:id/textView"]
xpath criteria: //android.widget.TextView[@resource-id="com.example.myapplication:id/textView"]
xpath criteria: //android.widget.TextView[@resource-id="com.example.myapplication:id/textView"]
xpath criteria: //android.widget.TextView[@resource-id="com.example.myapplication:id/textView"]
xpath criteria: //android.widget.TextView[@resource-id="com.example.myapplication:id/textView"]
xpath criteria: //android.widget.TextView[@resource-id="com.example.myapplication:id/textView"]
xpath criteria: //android.widget.TextView[@resource-id="com.example.myapplication:id/textView"]
xpath criteria: //android.widget.TextView[@resource-id="com.example.myapplication:id/textView"]
xpath criteria: //android.widget.TextView[@resource-id="com.example.myapplication:id/textView"]
xpath criteria: //android.widget.TextView[@resource-id="com.example.myapplication:id/textView"]
xpath criteria: //android.widget.TextView[@resource-id="com.example.myapplication:id/textView"]
xpath criteria: //android.widget.TextView[@resource-id="com.example.myapplication:id/textView"]
xpath criteria: //android.widget.TextView[@resource-id="com.example.myapplication:id/textView"]
xpath criteria: //android.widget.TextView[@resource-id="com.example.myapplication:id/textView"]
xpath criteria: //android.widget.TextView[@resource-id="com.example.myapplication:id/textView"]
xpath criteria: //android.widget.TextView[@resource-id="com.example.myapplication:id/textView"]
xpath criteria: //android.widget.TextView[@resource-id="com.example.myapplication:id/textView"]
xpath criteria: //android.widget.TextView[@resource-id="com.example.myapplication:id/textView"]
xpath criteria: //android.widget.TextView[@resource-id="com.example.myapplication:id/textView"]
xpath criteria: //android.widget.TextView[@resource-id="com.example.myapplication:id/textView"]</msg>
<msg time="2025-01-26T22:20:23.609097" level="FAIL">Element locator '//android.widget.TextView[@resource-id="com.example.myapplication:id/textView"]' did not match any elements after 5 seconds</msg>
<arg>locator=//android.widget.TextView[@resource-id="com.example.myapplication:id/textView"]</arg>
<doc>Waits until element specified with `locator` is visible.</doc>
<status status="FAIL" start="2025-01-26T22:20:18.183080" elapsed="5.426580">Element locator '//android.widget.TextView[@resource-id="com.example.myapplication:id/textView"]' did not match any elements after 5 seconds</status>
</kw>
<status status="FAIL" start="2025-01-26T22:20:18.182308" elapsed="5.427495">Element locator '//android.widget.TextView[@resource-id="com.example.myapplication:id/textView"]' did not match any elements after 5 seconds</status>
</kw>
<kw name="Close Flight Application" owner="base" type="TEARDOWN">
<kw name="Close Application" owner="AppiumLibrary">
<doc>Closes the current application and also close webdriver session.</doc>
<status status="PASS" start="2025-01-26T22:20:23.610326" elapsed="0.795348"/>
</kw>
<status status="PASS" start="2025-01-26T22:20:23.610126" elapsed="0.795691"/>
</kw>
<status status="FAIL" start="2025-01-26T22:20:08.999786" elapsed="15.406261">Element locator '//android.widget.TextView[@resource-id="com.example.myapplication:id/textView"]' did not match any elements after 5 seconds</status>
</test>
<status status="FAIL" start="2025-01-26T22:19:43.632969" elapsed="40.774571"/>
</suite>
<statistics>
<total>
<stat pass="1" fail="2" skip="0">All Tests</stat>
</total>
<tag>
</tag>
<suite>
<stat name="Login" id="s1" pass="1" fail="2" skip="0">Login</stat>
</suite>
</statistics>
<errors>
</errors>
</robot>
